#
# There is insufficient memory for the Java Runtime Environment to continue.
# Native memory allocation (mmap) failed to map 665845760 bytes for committing reserved memory.
# Possible reasons:
#   The system is out of physical RAM or swap space
#   The process is running with CompressedOops enabled, and the Java Heap may be blocking the growth of the native heap
# Possible solutions:
#   Reduce memory load on the system
#   Increase physical memory or swap space
#   Check if swap backing store is full
#   Decrease Java heap size (-Xmx/-Xms)
#   Decrease number of Java threads
#   Decrease Java thread stack sizes (-Xss)
#   Set larger code cache with -XX:ReservedCodeCacheSize=
#   JVM is running with Unscaled Compressed Oops mode in which the Java heap is
#     placed in the first 4GB address space. The Java Heap base address is the
#     maximum limit for the native heap growth. Please use -XX:HeapBaseMinAddress
#     to set the Java Heap base and to place the Java Heap above 4GB virtual address.
# This output file may be truncated or incomplete.
#
#  Out of Memory Error (os_linux.cpp:2706), pid=13510, tid=13523
#
# JRE version: OpenJDK Runtime Environment (10.0.2+13) (build 10.0.2+13-Ubuntu-1ubuntu0.18.04.2)
# Java VM: OpenJDK 64-Bit Server VM (10.0.2+13-Ubuntu-1ubuntu0.18.04.2, mixed mode, tiered, compressed oops, g1 gc, linux-amd64)
# Core dump will be written. Default location: Core dumps may be processed with "/usr/share/apport/apport %p %s %c %d %P" (or dumping to /home/laptop/Documents/MHKMAL001_CSC2002S_Assignment2/doc/core.13510)
#

---------------  S U M M A R Y ------------

Command Line: photosynthesisSequencial

Host: Intel(R) Core(TM) i5-2520M CPU @ 2.50GHz, 4 cores, 7G, Ubuntu 18.04.1 LTS
Time: Mon Sep 17 14:50:12 2018 SAST elapsed time: 3 seconds (0d 0h 0m 3s)

---------------  T H R E A D  ---------------

Current thread (0x00007fcd9c127800):  VMThread "VM Thread" [stack: 0x00007fcd80d9b000,0x00007fcd80e9b000] [id=13523]

Stack: [0x00007fcd80d9b000,0x00007fcd80e9b000],  sp=0x00007fcd80e990a0,  free space=1016k
Native frames: (J=compiled Java code, A=aot compiled Java code, j=interpreted, Vv=VM code, C=native code)
V  [libjvm.so+0xd27e04]
V  [libjvm.so+0xd289ab]
V  [libjvm.so+0x64d415]
V  [libjvm.so+0xb2d728]
V  [libjvm.so+0xb25f7d]
V  [libjvm.so+0x7662ff]
V  [libjvm.so+0x76653e]
V  [libjvm.so+0x769500]
V  [libjvm.so+0x7efa1c]
V  [libjvm.so+0x7f06df]
V  [libjvm.so+0x7f0b59]
V  [libjvm.so+0x7162cf]
V  [libjvm.so+0x71a3ba]
V  [libjvm.so+0xd39f68]
V  [libjvm.so+0xd387d1]
V  [libjvm.so+0xd35a9b]
V  [libjvm.so+0xd370be]
V  [libjvm.so+0xd374e8]
V  [libjvm.so+0xb33ca0]

VM_Operation (0x00007fcda58dd5a0): G1IncCollectionPause, mode: safepoint, requested by thread 0x00007fcd9c011000


---------------  P R O C E S S  ---------------

Threads class SMR info:
_java_thread_list=0x00007fcd9c1d9280, length=10, elements={
0x00007fcd9c011000, 0x00007fcd9c131000, 0x00007fcd9c133000, 0x00007fcd9c13c800,
0x00007fcd9c146800, 0x00007fcd9c149000, 0x00007fcd9c14b000, 0x00007fcd9c14c800,
0x00007fcd9c1d1800, 0x00007fcd9c1df800
}

Java Threads: ( => current thread )
  0x00007fcd9c011000 JavaThread "main" [_thread_blocked, id=13511, stack(0x00007fcda57de000,0x00007fcda58df000)]
  0x00007fcd9c131000 JavaThread "Reference Handler" daemon [_thread_blocked, id=13524, stack(0x00007fcd80c98000,0x00007fcd80d99000)]
  0x00007fcd9c133000 JavaThread "Finalizer" daemon [_thread_blocked, id=13525, stack(0x00007fcd80b97000,0x00007fcd80c98000)]
  0x00007fcd9c13c800 JavaThread "Signal Dispatcher" daemon [_thread_blocked, id=13526, stack(0x00007fcd807b8000,0x00007fcd808b9000)]
  0x00007fcd9c146800 JavaThread "C2 CompilerThread0" daemon [_thread_blocked, id=13527, stack(0x00007fcd806b7000,0x00007fcd807b8000)]
  0x00007fcd9c149000 JavaThread "C2 CompilerThread1" daemon [_thread_blocked, id=13528, stack(0x00007fcd805b6000,0x00007fcd806b7000)]
  0x00007fcd9c14b000 JavaThread "C1 CompilerThread2" daemon [_thread_blocked, id=13529, stack(0x00007fcd804b5000,0x00007fcd805b6000)]
  0x00007fcd9c14c800 JavaThread "Sweeper thread" daemon [_thread_blocked, id=13530, stack(0x00007fcd803b4000,0x00007fcd804b5000)]
  0x00007fcd9c1d1800 JavaThread "Service Thread" daemon [_thread_blocked, id=13531, stack(0x00007fcd802b3000,0x00007fcd803b4000)]
  0x00007fcd9c1df800 JavaThread "Common-Cleaner" daemon [_thread_blocked, id=13533, stack(0x00007fcd800b0000,0x00007fcd801b1000)]

Other Threads:
=>0x00007fcd9c127800 VMThread "VM Thread" [stack: 0x00007fcd80d9b000,0x00007fcd80e9b000] [id=13523]
  0x00007fcd9c1d3800 WatcherThread [stack: 0x00007fcd801b3000,0x00007fcd802b3000] [id=13532]
  0x00007fcd9c027800 GCTaskThread "GC Thread#0" [stack: 0x00007fcda1917000,0x00007fcda1a17000] [id=13512]
  0x00007fcd9c029000 GCTaskThread "GC Thread#1" [stack: 0x00007fcda1815000,0x00007fcda1915000] [id=13513]
  0x00007fcd9c02b000 GCTaskThread "GC Thread#2" [stack: 0x00007fcda1713000,0x00007fcda1813000] [id=13514]
  0x00007fcd9c02c800 GCTaskThread "GC Thread#3" [stack: 0x00007fcda1611000,0x00007fcda1711000] [id=13515]
  0x00007fcd9c056000 ConcurrentGCThread "G1 Main Marker" [stack: 0x00007fcda0589000,0x00007fcda0689000] [id=13516]
  0x00007fcd9c057800 ConcurrentGCThread "G1 Conc#0" [stack: 0x00007fcda0487000,0x00007fcda0587000] [id=13517]
  0x00007fcd9c0bf800 ConcurrentGCThread "G1 Refine#0" [stack: 0x00007fcd81b76000,0x00007fcd81c76000] [id=13518]
  0x00007fcd9c0c1000 ConcurrentGCThread "G1 Refine#1" [stack: 0x00007fcd81a74000,0x00007fcd81b74000] [id=13519]
  0x00007fcd9c0c3000 ConcurrentGCThread "G1 Refine#2" [stack: 0x00007fcd81972000,0x00007fcd81a72000] [id=13520]
  0x00007fcd9c0c4800 ConcurrentGCThread "G1 Refine#3" [stack: 0x00007fcd81870000,0x00007fcd81970000] [id=13521]
  0x00007fcd9c0c6800 ConcurrentGCThread "G1 Young RemSet Sampling" [stack: 0x00007fcd8176e000,0x00007fcd8186e000] [id=13522]

Threads with active compile tasks:

VM state:at safepoint (normal execution)

VM Mutex/Monitor currently owned by a thread:  ([mutex/lock_event])
[0x00007fcd9c00d910] Threads_lock - owner thread: 0x00007fcd9c127800
[0x00007fcd9c00deb0] Heap_lock - owner thread: 0x00007fcd9c011000

Heap address: 0x0000000085400000, size: 1964 MB, Compressed Oops mode: 32-bit
Narrow klass base: 0x0000000000000000, Narrow klass shift: 3
Compressed class space size: 1073741824 Address: 0x0000000100000000

Heap:
 garbage-first heap   total 1037312K, used 315392K [0x0000000085400000, 0x0000000100000000)
  region size 1024K, 3 young (3072K), 3 survivors (3072K)
 Metaspace       used 6137K, capacity 6206K, committed 6528K, reserved 1056768K
  class space    used 496K, capacity 518K, committed 640K, reserved 1048576K
Heap Regions: E=young(eden), S=young(survivor), O=old, HS=humongous(starts), HC=humongous(continues), CS=collection set, F=free, A=archive, TS=gc time stamp, AC=allocation context, TAMS=top-at-mark-start (previous, next)
|   0|0x0000000085400000, 0x0000000085500000, 0x0000000085500000|100%| O|  |TS  1|AC  0|TAMS 0x0000000085400000, 0x0000000085500000|
|   1|0x0000000085500000, 0x0000000085600000, 0x0000000085600000|100%| O|  |TS  1|AC  0|TAMS 0x0000000085500000, 0x0000000085600000|
|   2|0x0000000085600000, 0x0000000085700000, 0x0000000085700000|100%|HS|  |TS  0|AC  0|TAMS 0x0000000085700000, 0x0000000085700000|
|   3|0x0000000085700000, 0x0000000085800000, 0x0000000085800000|100%|HC|  |TS  0|AC  0|TAMS 0x0000000085800000, 0x0000000085800000|
|   4|0x0000000085800000, 0x0000000085900000, 0x0000000085900000|100%| O|  |TS  0|AC  0|TAMS 0x0000000085900000, 0x0000000085900000|
|   5|0x0000000085900000, 0x0000000085a00000, 0x0000000085a00000|100%| O|  |TS  0|AC  0|TAMS 0x0000000085a00000, 0x0000000085a00000|
|   6|0x0000000085a00000, 0x0000000085b00000, 0x0000000085b00000|100%| O|  |TS  0|AC  0|TAMS 0x0000000085b00000, 0x0000000085b00000|
|   7|0x0000000085b00000, 0x0000000085c00000, 0x0000000085c00000|100%| O|  |TS  0|AC  0|TAMS 0x0000000085c00000, 0x0000000085c00000|
|   8|0x0000000085c00000, 0x0000000085d00000, 0x0000000085d00000|100%| O|  |TS  0|AC  0|TAMS 0x0000000085d00000, 0x0000000085d00000|
|   9|0x0000000085d00000, 0x0000000085e00000, 0x0000000085e00000|100%| O|  |TS  0|AC  0|TAMS 0x0000000085e00000, 0x0000000085e00000|
|  10|0x0000000085e00000, 0x0000000085f00000, 0x0000000085f00000|100%| O|  |TS  0|AC  0|TAMS 0x0000000085f00000, 0x0000000085f00000|
|  11|0x0000000085f00000, 0x0000000086000000, 0x0000000086000000|100%| O|  |TS  0|AC  0|TAMS 0x0000000086000000, 0x0000000086000000|
|  12|0x0000000086000000, 0x0000000086100000, 0x0000000086100000|100%| O|  |TS  0|AC  0|TAMS 0x0000000086100000, 0x0000000086100000|
|  13|0x0000000086100000, 0x0000000086200000, 0x0000000086200000|100%| O|  |TS  0|AC  0|TAMS 0x000000008617d000, 0x0000000086200000|
|  14|0x0000000086200000, 0x0000000086300000, 0x0000000086300000|100%|HS|  |TS  0|AC  0|TAMS 0x0000000086200000, 0x0000000086300000|
|  15|0x0000000086300000, 0x0000000086400000, 0x0000000086400000|100%|HC|  |TS  0|AC  0|TAMS 0x0000000086300000, 0x0000000086400000|
|  16|0x0000000086400000, 0x0000000086500000, 0x0000000086500000|100%|HC|  |TS  0|AC  0|TAMS 0x0000000086400000, 0x0000000086500000|
|  17|0x0000000086500000, 0x0000000086600000, 0x0000000086600000|100%|HS|  |TS  0|AC  0|TAMS 0x0000000086500000, 0x0000000086600000|
|  18|0x0000000086600000, 0x0000000086700000, 0x0000000086700000|100%|HC|  |TS  0|AC  0|TAMS 0x0000000086600000, 0x0000000086700000|
|  19|0x0000000086700000, 0x0000000086800000, 0x0000000086800000|100%|HC|  |TS  0|AC  0|TAMS 0x0000000086700000, 0x0000000086800000|
|  20|0x0000000086800000, 0x0000000086900000, 0x0000000086900000|100%|HC|  |TS  0|AC  0|TAMS 0x0000000086800000, 0x0000000086900000|
|  21|0x0000000086900000, 0x0000000086a00000, 0x0000000086a00000|100%| O|  |TS  0|AC  0|TAMS 0x0000000086900000, 0x0000000086a00000|
|  22|0x0000000086a00000, 0x0000000086b00000, 0x0000000086b00000|100%| O|  |TS  0|AC  0|TAMS 0x0000000086a00000, 0x0000000086b00000|
|  23|0x0000000086b00000, 0x0000000086c00000, 0x0000000086c00000|100%| O|  |TS  0|AC  0|TAMS 0x0000000086b00000, 0x0000000086c00000|
|  24|0x0000000086c00000, 0x0000000086d00000, 0x0000000086d00000|100%| O|  |TS  0|AC  0|TAMS 0x0000000086c00000, 0x0000000086d00000|
|  25|0x0000000086d00000, 0x0000000086e00000, 0x0000000086e00000|100%| O|  |TS  0|AC  0|TAMS 0x0000000086d00000, 0x0000000086e00000|
|  26|0x0000000086e00000, 0x0000000086f00000, 0x0000000086f00000|100%| O|  |TS  0|AC  0|TAMS 0x0000000086e00000, 0x0000000086f00000|
|  27|0x0000000086f00000, 0x0000000087000000, 0x0000000087000000|100%| O|  |TS  0|AC  0|TAMS 0x0000000086f00000, 0x0000000087000000|
|  28|0x0000000087000000, 0x0000000087100000, 0x0000000087100000|100%| O|  |TS  0|AC  0|TAMS 0x0000000087000000, 0x0000000087100000|
|  29|0x0000000087100000, 0x0000000087200000, 0x0000000087200000|100%| O|  |TS  0|AC  0|TAMS 0x0000000087100000, 0x0000000087200000|
|  30|0x0000000087200000, 0x0000000087300000, 0x0000000087300000|100%| O|  |TS  0|AC  0|TAMS 0x0000000087200000, 0x0000000087300000|
|  31|0x0000000087300000, 0x0000000087400000, 0x0000000087400000|100%| O|  |TS  0|AC  0|TAMS 0x0000000087300000, 0x0000000087400000|
|  32|0x0000000087400000, 0x0000000087500000, 0x0000000087500000|100%| O|  |TS  0|AC  0|TAMS 0x0000000087400000, 0x0000000087500000|
|  33|0x0000000087500000, 0x0000000087600000, 0x0000000087600000|100%| O|  |TS  0|AC  0|TAMS 0x0000000087500000, 0x0000000087600000|
|  34|0x0000000087600000, 0x0000000087700000, 0x0000000087700000|100%| O|  |TS  0|AC  0|TAMS 0x0000000087600000, 0x0000000087700000|
|  35|0x0000000087700000, 0x0000000087800000, 0x0000000087800000|100%| O|  |TS  0|AC  0|TAMS 0x0000000087700000, 0x0000000087800000|
|  36|0x0000000087800000, 0x0000000087900000, 0x0000000087900000|100%| O|  |TS  0|AC  0|TAMS 0x0000000087800000, 0x0000000087900000|
|  37|0x0000000087900000, 0x0000000087a00000, 0x0000000087a00000|100%| O|  |TS  0|AC  0|TAMS 0x0000000087900000, 0x0000000087a00000|
|  38|0x0000000087a00000, 0x0000000087b00000, 0x0000000087b00000|100%| O|  |TS  0|AC  0|TAMS 0x0000000087a00000, 0x0000000087b00000|
|  39|0x0000000087b00000, 0x0000000087c00000, 0x0000000087c00000|100%| O|  |TS  0|AC  0|TAMS 0x0000000087b00000, 0x0000000087c00000|
|  40|0x0000000087c00000, 0x0000000087d00000, 0x0000000087d00000|100%|HS|  |TS  0|AC  0|TAMS 0x0000000087c00000, 0x0000000087d00000|
|  41|0x0000000087d00000, 0x0000000087e00000, 0x0000000087e00000|100%|HC|  |TS  0|AC  0|TAMS 0x0000000087d00000, 0x0000000087e00000|
|  42|0x0000000087e00000, 0x0000000087f00000, 0x0000000087f00000|100%|HC|  |TS  0|AC  0|TAMS 0x0000000087e00000, 0x0000000087f00000|
|  43|0x0000000087f00000, 0x0000000088000000, 0x0000000088000000|100%|HC|  |TS  0|AC  0|TAMS 0x0000000087f00000, 0x0000000088000000|
|  44|0x0000000088000000, 0x0000000088100000, 0x0000000088100000|100%|HC|  |TS  0|AC  0|TAMS 0x0000000088000000, 0x0000000088100000|
|  45|0x0000000088100000, 0x0000000088200000, 0x0000000088200000|100%| O|  |TS  0|AC  0|TAMS 0x0000000088100000, 0x0000000088200000|
|  46|0x0000000088200000, 0x0000000088300000, 0x0000000088300000|100%| O|  |TS  0|AC  0|TAMS 0x0000000088200000, 0x0000000088300000|
|  47|0x0000000088300000, 0x0000000088400000, 0x0000000088400000|100%| O|  |TS  0|AC  0|TAMS 0x0000000088300000, 0x0000000088400000|
|  48|0x0000000088400000, 0x0000000088500000, 0x0000000088500000|100%| O|  |TS  0|AC  0|TAMS 0x0000000088400000, 0x0000000088500000|
|  49|0x0000000088500000, 0x0000000088600000, 0x0000000088600000|100%| O|  |TS  0|AC  0|TAMS 0x0000000088500000, 0x0000000088600000|
|  50|0x0000000088600000, 0x0000000088700000, 0x0000000088700000|100%| O|  |TS  0|AC  0|TAMS 0x0000000088600000, 0x0000000088700000|
|  51|0x0000000088700000, 0x0000000088800000, 0x0000000088800000|100%| O|  |TS  0|AC  0|TAMS 0x0000000088700000, 0x0000000088800000|
|  52|0x0000000088800000, 0x0000000088900000, 0x0000000088900000|100%| O|  |TS  0|AC  0|TAMS 0x0000000088800000, 0x0000000088900000|
|  53|0x0000000088900000, 0x0000000088a00000, 0x0000000088a00000|100%| O|  |TS  0|AC  0|TAMS 0x0000000088900000, 0x0000000088a00000|
|  54|0x0000000088a00000, 0x0000000088b00000, 0x0000000088b00000|100%| O|  |TS  0|AC  0|TAMS 0x0000000088a00000, 0x0000000088b00000|
|  55|0x0000000088b00000, 0x0000000088c00000, 0x0000000088c00000|100%| O|  |TS  0|AC  0|TAMS 0x0000000088b00000, 0x0000000088c00000|
|  56|0x0000000088c00000, 0x0000000088d00000, 0x0000000088d00000|100%| O|  |TS  0|AC  0|TAMS 0x0000000088c00000, 0x0000000088d00000|
|  57|0x0000000088d00000, 0x0000000088e00000, 0x0000000088e00000|100%| O|  |TS  0|AC  0|TAMS 0x0000000088d00000, 0x0000000088e00000|
|  58|0x0000000088e00000, 0x0000000088f00000, 0x0000000088f00000|100%| O|  |TS  0|AC  0|TAMS 0x0000000088e00000, 0x0000000088f00000|
|  59|0x0000000088f00000, 0x0000000089000000, 0x0000000089000000|100%|HS|  |TS  0|AC  0|TAMS 0x0000000089000000, 0x0000000089000000|
|  60|0x0000000089000000, 0x0000000089100000, 0x0000000089100000|100%|HC|  |TS  0|AC  0|TAMS 0x0000000089100000, 0x0000000089100000|
|  61|0x0000000089100000, 0x0000000089200000, 0x0000000089200000|100%|HC|  |TS  0|AC  0|TAMS 0x0000000089200000, 0x0000000089200000|
|  62|0x0000000089200000, 0x0000000089300000, 0x0000000089300000|100%|HC|  |TS  0|AC  0|TAMS 0x0000000089300000, 0x0000000089300000|
|  63|0x0000000089300000, 0x0000000089400000, 0x0000000089400000|100%|HC|  |TS  0|AC  0|TAMS 0x0000000089400000, 0x0000000089400000|
|  64|0x0000000089400000, 0x0000000089500000, 0x0000000089500000|100%|HC|  |TS  0|AC  0|TAMS 0x0000000089500000, 0x0000000089500000|
|  65|0x0000000089500000, 0x0000000089600000, 0x0000000089600000|100%|HC|  |TS  0|AC  0|TAMS 0x0000000089600000, 0x0000000089600000|
|  66|0x0000000089600000, 0x0000000089700000, 0x0000000089700000|100%|HC|  |TS  0|AC  0|TAMS 0x0000000089700000, 0x0000000089700000|
|  67|0x0000000089700000, 0x0000000089800000, 0x0000000089800000|100%|HC|  |TS  0|AC  0|TAMS 0x0000000089800000, 0x0000000089800000|
|  68|0x0000000089800000, 0x0000000089900000, 0x0000000089900000|100%|HC|  |TS  0|AC  0|TAMS 0x0000000089900000, 0x0000000089900000|
|  69|0x0000000089900000, 0x0000000089a00000, 0x0000000089a00000|100%|HC|  |TS  0|AC  0|TAMS 0x0000000089a00000, 0x0000000089a00000|
|  70|0x0000000089a00000, 0x0000000089b00000, 0x0000000089b00000|100%|HC|  |TS  0|AC  0|TAMS 0x0000000089b00000, 0x0000000089b00000|
|  71|0x0000000089b00000, 0x0000000089c00000, 0x0000000089c00000|100%|HC|  |TS  0|AC  0|TAMS 0x0000000089c00000, 0x0000000089c00000|
|  72|0x0000000089c00000, 0x0000000089d00000, 0x0000000089d00000|100%|HC|  |TS  0|AC  0|TAMS 0x0000000089d00000, 0x0000000089d00000|
|  73|0x0000000089d00000, 0x0000000089e00000, 0x0000000089e00000|100%|HC|  |TS  0|AC  0|TAMS 0x0000000089e00000, 0x0000000089e00000|
|  74|0x0000000089e00000, 0x0000000089f00000, 0x0000000089f00000|100%|HC|  |TS  0|AC  0|TAMS 0x0000000089f00000, 0x0000000089f00000|
|  75|0x0000000089f00000, 0x000000008a000000, 0x000000008a000000|100%|HC|  |TS  0|AC  0|TAMS 0x000000008a000000, 0x000000008a000000|
|  76|0x000000008a000000, 0x000000008a100000, 0x000000008a100000|100%|HC|  |TS  0|AC  0|TAMS 0x000000008a100000, 0x000000008a100000|
|  77|0x000000008a100000, 0x000000008a200000, 0x000000008a200000|100%|HC|  |TS  0|AC  0|TAMS 0x000000008a200000, 0x000000008a200000|
|  78|0x000000008a200000, 0x000000008a300000, 0x000000008a300000|100%|HC|  |TS  0|AC  0|TAMS 0x000000008a300000, 0x000000008a300000|
|  79|0x000000008a300000, 0x000000008a400000, 0x000000008a400000|100%|HC|  |TS  0|AC  0|TAMS 0x000000008a400000, 0x000000008a400000|
|  80|0x000000008a400000, 0x000000008a500000, 0x000000008a500000|100%|HC|  |TS  0|AC  0|TAMS 0x000000008a500000, 0x000000008a500000|
|  81|0x000000008a500000, 0x000000008a600000, 0x000000008a600000|100%|HC|  |TS  0|AC  0|TAMS 0x000000008a600000, 0x000000008a600000|
|  82|0x000000008a600000, 0x000000008a700000, 0x000000008a700000|100%|HC|  |TS  0|AC  0|TAMS 0x000000008a700000, 0x000000008a700000|
|  83|0x000000008a700000, 0x000000008a800000, 0x000000008a800000|100%|HC|  |TS  0|AC  0|TAMS 0x000000008a800000, 0x000000008a800000|
|  84|0x000000008a800000, 0x000000008a900000, 0x000000008a900000|100%|HC|  |TS  0|AC  0|TAMS 0x000000008a900000, 0x000000008a900000|
|  85|0x000000008a900000, 0x000000008aa00000, 0x000000008aa00000|100%| O|  |TS  0|AC  0|TAMS 0x000000008aa00000, 0x000000008aa00000|
|  86|0x000000008aa00000, 0x000000008ab00000, 0x000000008ab00000|100%| O|  |TS  0|AC  0|TAMS 0x000000008ab00000, 0x000000008ab00000|
|  87|0x000000008ab00000, 0x000000008ac00000, 0x000000008ac00000|100%| O|  |TS  0|AC  0|TAMS 0x000000008ac00000, 0x000000008ac00000|
|  88|0x000000008ac00000, 0x000000008ad00000, 0x000000008ad00000|100%| O|  |TS  0|AC  0|TAMS 0x000000008ad00000, 0x000000008ad00000|
|  89|0x000000008ad00000, 0x000000008ae00000, 0x000000008ae00000|100%| O|  |TS  0|AC  0|TAMS 0x000000008ad00000, 0x000000008ae00000|
|  90|0x000000008ae00000, 0x000000008af00000, 0x000000008af00000|100%| O|  |TS  0|AC  0|TAMS 0x000000008ae00000, 0x000000008af00000|
|  91|0x000000008af00000, 0x000000008b000000, 0x000000008b000000|100%| O|  |TS  0|AC  0|TAMS 0x000000008af00000, 0x000000008b000000|
|  92|0x000000008b000000, 0x000000008b100000, 0x000000008b100000|100%| O|  |TS  0|AC  0|TAMS 0x000000008b000000, 0x000000008b100000|
|  93|0x000000008b100000, 0x000000008b200000, 0x000000008b200000|100%| O|  |TS  0|AC  0|TAMS 0x000000008b100000, 0x000000008b200000|
|  94|0x000000008b200000, 0x000000008b300000, 0x000000008b300000|100%|HS|  |TS  0|AC  0|TAMS 0x000000008b200000, 0x000000008b300000|
|  95|0x000000008b300000, 0x000000008b400000, 0x000000008b400000|100%|HC|  |TS  0|AC  0|TAMS 0x000000008b300000, 0x000000008b400000|
|  96|0x000000008b400000, 0x000000008b500000, 0x000000008b500000|100%|HC|  |TS  0|AC  0|TAMS 0x000000008b400000, 0x000000008b500000|
|  97|0x000000008b500000, 0x000000008b600000, 0x000000008b600000|100%|HC|  |TS  0|AC  0|TAMS 0x000000008b500000, 0x000000008b600000|
|  98|0x000000008b600000, 0x000000008b700000, 0x000000008b700000|100%|HC|  |TS  0|AC  0|TAMS 0x000000008b600000, 0x000000008b700000|
|  99|0x000000008b700000, 0x000000008b800000, 0x000000008b800000|100%|HC|  |TS  0|AC  0|TAMS 0x000000008b700000, 0x000000008b800000|
| 100|0x000000008b800000, 0x000000008b900000, 0x000000008b900000|100%|HC|  |TS  0|AC  0|TAMS 0x000000008b800000, 0x000000008b900000|
| 101|0x000000008b900000, 0x000000008ba00000, 0x000000008ba00000|100%| O|  |TS  1|AC  0|TAMS 0x000000008b900000, 0x000000008ba00000|
| 102|0x000000008ba00000, 0x000000008bb00000, 0x000000008bb00000|100%| O|  |TS  1|AC  0|TAMS 0x000000008ba00000, 0x000000008bb00000|
| 103|0x000000008bb00000, 0x000000008bc00000, 0x000000008bc00000|100%| O|  |TS  1|AC  0|TAMS 0x000000008bb00000, 0x000000008bc00000|
| 104|0x000000008bc00000, 0x000000008bd00000, 0x000000008bd00000|100%| O|  |TS  1|AC  0|TAMS 0x000000008bc00000, 0x000000008bd00000|
| 105|0x000000008bd00000, 0x000000008be00000, 0x000000008be00000|100%| O|  |TS  1|AC  0|TAMS 0x000000008bd00000, 0x000000008be00000|
| 106|0x000000008be00000, 0x000000008bf00000, 0x000000008bf00000|100%| O|  |TS  1|AC  0|TAMS 0x000000008be00000, 0x000000008bf00000|
| 107|0x000000008bf00000, 0x000000008c000000, 0x000000008c000000|100%| O|  |TS  1|AC  0|TAMS 0x000000008bf00000, 0x000000008c000000|
| 108|0x000000008c000000, 0x000000008c100000, 0x000000008c100000|100%| O|  |TS  1|AC  0|TAMS 0x000000008c000000, 0x000000008c100000|
| 109|0x000000008c100000, 0x000000008c200000, 0x000000008c200000|100%| O|  |TS  1|AC  0|TAMS 0x000000008c100000, 0x000000008c200000|
| 110|0x000000008c200000, 0x000000008c300000, 0x000000008c300000|100%| O|  |TS  1|AC  0|TAMS 0x000000008c200000, 0x000000008c300000|
| 111|0x000000008c300000, 0x000000008c400000, 0x000000008c400000|100%| O|  |TS  1|AC  0|TAMS 0x000000008c300000, 0x000000008c400000|
| 112|0x000000008c400000, 0x000000008c500000, 0x000000008c500000|100%| O|  |TS  1|AC  0|TAMS 0x000000008c400000, 0x000000008c500000|
| 113|0x000000008c500000, 0x000000008c600000, 0x000000008c600000|100%| O|  |TS  1|AC  0|TAMS 0x000000008c500000, 0x000000008c600000|
| 114|0x000000008c600000, 0x000000008c700000, 0x000000008c700000|100%| O|  |TS  1|AC  0|TAMS 0x000000008c600000, 0x000000008c700000|
| 115|0x000000008c700000, 0x000000008c800000, 0x000000008c800000|100%| O|  |TS  2|AC  0|TAMS 0x000000008c700000, 0x000000008c700000|
| 116|0x000000008c800000, 0x000000008c900000, 0x000000008c900000|100%| O|  |TS  2|AC  0|TAMS 0x000000008c800000, 0x000000008c800000|
| 117|0x000000008c900000, 0x000000008ca00000, 0x000000008ca00000|100%| O|  |TS  1|AC  0|TAMS 0x000000008c900000, 0x000000008ca00000|
| 118|0x000000008ca00000, 0x000000008cb00000, 0x000000008cb00000|100%| O|  |TS  1|AC  0|TAMS 0x000000008ca00000, 0x000000008cb00000|
| 119|0x000000008cb00000, 0x000000008cc00000, 0x000000008cc00000|100%| O|  |TS  1|AC  0|TAMS 0x000000008cb00000, 0x000000008cc00000|
| 120|0x000000008cc00000, 0x000000008cd00000, 0x000000008cd00000|100%| O|  |TS  1|AC  0|TAMS 0x000000008cc00000, 0x000000008cd00000|
| 121|0x000000008cd00000, 0x000000008ce00000, 0x000000008ce00000|100%| O|  |TS  1|AC  0|TAMS 0x000000008cd00000, 0x000000008ce00000|
| 122|0x000000008ce00000, 0x000000008cf00000, 0x000000008cf00000|100%|HS|  |TS  0|AC  0|TAMS 0x000000008cf00000, 0x000000008cf00000|
| 123|0x000000008cf00000, 0x000000008d000000, 0x000000008d000000|100%|HC|  |TS  0|AC  0|TAMS 0x000000008d000000, 0x000000008d000000|
| 124|0x000000008d000000, 0x000000008d100000, 0x000000008d100000|100%|HC|  |TS  0|AC  0|TAMS 0x000000008d100000, 0x000000008d100000|
| 125|0x000000008d100000, 0x000000008d200000, 0x000000008d200000|100%|HC|  |TS  0|AC  0|TAMS 0x000000008d200000, 0x000000008d200000|
| 126|0x000000008d200000, 0x000000008d300000, 0x000000008d300000|100%|HC|  |TS  0|AC  0|TAMS 0x000000008d300000, 0x000000008d300000|
| 127|0x000000008d300000, 0x000000008d400000, 0x000000008d400000|100%|HC|  |TS  0|AC  0|TAMS 0x000000008d400000, 0x000000008d400000|
| 128|0x000000008d400000, 0x000000008d500000, 0x000000008d500000|100%|HC|  |TS  0|AC  0|TAMS 0x000000008d500000, 0x000000008d500000|
| 129|0x000000008d500000, 0x000000008d600000, 0x000000008d600000|100%|HC|  |TS  0|AC  0|TAMS 0x000000008d600000, 0x000000008d600000|
| 130|0x000000008d600000, 0x000000008d700000, 0x000000008d700000|100%|HC|  |TS  0|AC  0|TAMS 0x000000008d700000, 0x000000008d700000|
| 131|0x000000008d700000, 0x000000008d800000, 0x000000008d800000|100%|HC|  |TS  0|AC  0|TAMS 0x000000008d800000, 0x000000008d800000|
| 132|0x000000008d800000, 0x000000008d900000, 0x000000008d900000|100%|HC|  |TS  0|AC  0|TAMS 0x000000008d900000, 0x000000008d900000|
| 133|0x000000008d900000, 0x000000008da00000, 0x000000008da00000|100%|HC|  |TS  0|AC  0|TAMS 0x000000008da00000, 0x000000008da00000|
| 134|0x000000008da00000, 0x000000008db00000, 0x000000008db00000|100%|HC|  |TS  0|AC  0|TAMS 0x000000008db00000, 0x000000008db00000|
| 135|0x000000008db00000, 0x000000008dc00000, 0x000000008dc00000|100%|HC|  |TS  0|AC  0|TAMS 0x000000008dc00000, 0x000000008dc00000|
| 136|0x000000008dc00000, 0x000000008dd00000, 0x000000008dd00000|100%|HC|  |TS  0|AC  0|TAMS 0x000000008dd00000, 0x000000008dd00000|
| 137|0x000000008dd00000, 0x000000008de00000, 0x000000008de00000|100%|HC|  |TS  0|AC  0|TAMS 0x000000008de00000, 0x000000008de00000|
| 138|0x000000008de00000, 0x000000008df00000, 0x000000008df00000|100%|HC|  |TS  0|AC  0|TAMS 0x000000008df00000, 0x000000008df00000|
| 139|0x000000008df00000, 0x000000008e000000, 0x000000008e000000|100%|HC|  |TS  0|AC  0|TAMS 0x000000008e000000, 0x000000008e000000|
| 140|0x000000008e000000, 0x000000008e100000, 0x000000008e100000|100%|HC|  |TS  0|AC  0|TAMS 0x000000008e100000, 0x000000008e100000|
| 141|0x000000008e100000, 0x000000008e200000, 0x000000008e200000|100%|HC|  |TS  0|AC  0|TAMS 0x000000008e200000, 0x000000008e200000|
| 142|0x000000008e200000, 0x000000008e300000, 0x000000008e300000|100%|HC|  |TS  0|AC  0|TAMS 0x000000008e300000, 0x000000008e300000|
| 143|0x000000008e300000, 0x000000008e400000, 0x000000008e400000|100%|HC|  |TS  0|AC  0|TAMS 0x000000008e400000, 0x000000008e400000|
| 144|0x000000008e400000, 0x000000008e500000, 0x000000008e500000|100%|HC|  |TS  0|AC  0|TAMS 0x000000008e500000, 0x000000008e500000|
| 145|0x000000008e500000, 0x000000008e600000, 0x000000008e600000|100%|HC|  |TS  0|AC  0|TAMS 0x000000008e600000, 0x000000008e600000|
| 146|0x000000008e600000, 0x000000008e700000, 0x000000008e700000|100%|HC|  |TS  0|AC  0|TAMS 0x000000008e700000, 0x000000008e700000|
| 147|0x000000008e700000, 0x000000008e800000, 0x000000008e800000|100%|HC|  |TS  0|AC  0|TAMS 0x000000008e800000, 0x000000008e800000|
| 148|0x000000008e800000, 0x000000008e900000, 0x000000008e900000|100%|HC|  |TS  0|AC  0|TAMS 0x000000008e900000, 0x000000008e900000|
| 149|0x000000008e900000, 0x000000008ea00000, 0x000000008ea00000|100%|HC|  |TS  0|AC  0|TAMS 0x000000008ea00000, 0x000000008ea00000|
| 150|0x000000008ea00000, 0x000000008eb00000, 0x000000008eb00000|100%|HC|  |TS  0|AC  0|TAMS 0x000000008eb00000, 0x000000008eb00000|
| 151|0x000000008eb00000, 0x000000008ec00000, 0x000000008ec00000|100%|HC|  |TS  0|AC  0|TAMS 0x000000008ec00000, 0x000000008ec00000|
| 152|0x000000008ec00000, 0x000000008ed00000, 0x000000008ed00000|100%|HC|  |TS  0|AC  0|TAMS 0x000000008ed00000, 0x000000008ed00000|
| 153|0x000000008ed00000, 0x000000008ee00000, 0x000000008ee00000|100%|HC|  |TS  0|AC  0|TAMS 0x000000008ee00000, 0x000000008ee00000|
| 154|0x000000008ee00000, 0x000000008ef00000, 0x000000008ef00000|100%|HC|  |TS  0|AC  0|TAMS 0x000000008ef00000, 0x000000008ef00000|
| 155|0x000000008ef00000, 0x000000008f000000, 0x000000008f000000|100%|HC|  |TS  0|AC  0|TAMS 0x000000008f000000, 0x000000008f000000|
| 156|0x000000008f000000, 0x000000008f100000, 0x000000008f100000|100%|HC|  |TS  0|AC  0|TAMS 0x000000008f100000, 0x000000008f100000|
| 157|0x000000008f100000, 0x000000008f200000, 0x000000008f200000|100%|HC|  |TS  0|AC  0|TAMS 0x000000008f200000, 0x000000008f200000|
| 158|0x000000008f200000, 0x000000008f300000, 0x000000008f300000|100%|HC|  |TS  0|AC  0|TAMS 0x000000008f300000, 0x000000008f300000|
| 159|0x000000008f300000, 0x000000008f400000, 0x000000008f400000|100%|HC|  |TS  0|AC  0|TAMS 0x000000008f400000, 0x000000008f400000|
| 160|0x000000008f400000, 0x000000008f500000, 0x000000008f500000|100%|HC|  |TS  0|AC  0|TAMS 0x000000008f500000, 0x000000008f500000|
| 161|0x000000008f500000, 0x000000008f600000, 0x000000008f600000|100%|HC|  |TS  0|AC  0|TAMS 0x000000008f600000, 0x000000008f600000|
| 162|0x000000008f600000, 0x000000008f700000, 0x000000008f700000|100%|HC|  |TS  0|AC  0|TAMS 0x000000008f700000, 0x000000008f700000|
| 163|0x000000008f700000, 0x000000008f800000, 0x000000008f800000|100%|HC|  |TS  0|AC  0|TAMS 0x000000008f800000, 0x000000008f800000|
| 164|0x000000008f800000, 0x000000008f900000, 0x000000008f900000|100%|HC|  |TS  0|AC  0|TAMS 0x000000008f900000, 0x000000008f900000|
| 165|0x000000008f900000, 0x000000008fa00000, 0x000000008fa00000|100%|HC|  |TS  0|AC  0|TAMS 0x000000008fa00000, 0x000000008fa00000|
| 166|0x000000008fa00000, 0x000000008fb00000, 0x000000008fb00000|100%|HC|  |TS  0|AC  0|TAMS 0x000000008fb00000, 0x000000008fb00000|
| 167|0x000000008fb00000, 0x000000008fc00000, 0x000000008fc00000|100%|HC|  |TS  0|AC  0|TAMS 0x000000008fc00000, 0x000000008fc00000|
| 168|0x000000008fc00000, 0x000000008fd00000, 0x000000008fd00000|100%|HC|  |TS  0|AC  0|TAMS 0x000000008fd00000, 0x000000008fd00000|
| 169|0x000000008fd00000, 0x000000008fe00000, 0x000000008fe00000|100%|HC|  |TS  0|AC  0|TAMS 0x000000008fe00000, 0x000000008fe00000|
| 170|0x000000008fe00000, 0x000000008ff00000, 0x000000008ff00000|100%|HC|  |TS  0|AC  0|TAMS 0x000000008ff00000, 0x000000008ff00000|
| 171|0x000000008ff00000, 0x0000000090000000, 0x0000000090000000|100%|HC|  |TS  0|AC  0|TAMS 0x0000000090000000, 0x0000000090000000|
| 172|0x0000000090000000, 0x0000000090100000, 0x0000000090100000|100%|HC|  |TS  0|AC  0|TAMS 0x0000000090100000, 0x0000000090100000|
| 173|0x0000000090100000, 0x0000000090200000, 0x0000000090200000|100%|HC|  |TS  0|AC  0|TAMS 0x0000000090200000, 0x0000000090200000|
| 174|0x0000000090200000, 0x0000000090300000, 0x0000000090300000|100%|HC|  |TS  0|AC  0|TAMS 0x0000000090300000, 0x0000000090300000|
| 175|0x0000000090300000, 0x0000000090400000, 0x0000000090400000|100%|HC|  |TS  0|AC  0|TAMS 0x0000000090400000, 0x0000000090400000|
| 176|0x0000000090400000, 0x0000000090500000, 0x0000000090500000|100%|HC|  |TS  0|AC  0|TAMS 0x0000000090500000, 0x0000000090500000|
| 177|0x0000000090500000, 0x0000000090600000, 0x0000000090600000|100%|HC|  |TS  0|AC  0|TAMS 0x0000000090600000, 0x0000000090600000|
| 178|0x0000000090600000, 0x0000000090700000, 0x0000000090700000|100%|HC|  |TS  0|AC  0|TAMS 0x0000000090700000, 0x0000000090700000|
| 179|0x0000000090700000, 0x0000000090800000, 0x0000000090800000|100%|HC|  |TS  0|AC  0|TAMS 0x0000000090800000, 0x0000000090800000|
| 180|0x0000000090800000, 0x0000000090900000, 0x0000000090900000|100%|HC|  |TS  0|AC  0|TAMS 0x0000000090900000, 0x0000000090900000|
| 181|0x0000000090900000, 0x0000000090a00000, 0x0000000090a00000|100%|HC|  |TS  0|AC  0|TAMS 0x0000000090a00000, 0x0000000090a00000|
| 182|0x0000000090a00000, 0x0000000090b00000, 0x0000000090b00000|100%|HC|  |TS  0|AC  0|TAMS 0x0000000090b00000, 0x0000000090b00000|
| 183|0x0000000090b00000, 0x0000000090c00000, 0x0000000090c00000|100%|HC|  |TS  0|AC  0|TAMS 0x0000000090c00000, 0x0000000090c00000|
| 184|0x0000000090c00000, 0x0000000090d00000, 0x0000000090d00000|100%|HC|  |TS  0|AC  0|TAMS 0x0000000090d00000, 0x0000000090d00000|
| 185|0x0000000090d00000, 0x0000000090e00000, 0x0000000090e00000|100%|HC|  |TS  0|AC  0|TAMS 0x0000000090e00000, 0x0000000090e00000|
| 186|0x0000000090e00000, 0x0000000090f00000, 0x0000000090f00000|100%|HC|  |TS  0|AC  0|TAMS 0x0000000090f00000, 0x0000000090f00000|
| 187|0x0000000090f00000, 0x0000000091000000, 0x0000000091000000|100%| O|  |TS  1|AC  0|TAMS 0x0000000090f00000, 0x0000000091000000|
| 188|0x0000000091000000, 0x0000000091100000, 0x0000000091100000|100%| O|  |TS  1|AC  0|TAMS 0x0000000091000000, 0x0000000091100000|
| 189|0x0000000091100000, 0x0000000091200000, 0x0000000091200000|100%| O|  |TS  1|AC  0|TAMS 0x0000000091100000, 0x0000000091200000|
| 190|0x0000000091200000, 0x0000000091300000, 0x0000000091300000|100%| O|  |TS  1|AC  0|TAMS 0x0000000091200000, 0x0000000091300000|
| 191|0x0000000091300000, 0x0000000091400000, 0x0000000091400000|100%| O|  |TS  1|AC  0|TAMS 0x0000000091300000, 0x0000000091400000|
| 192|0x0000000091400000, 0x0000000091500000, 0x0000000091500000|100%| O|  |TS  1|AC  0|TAMS 0x0000000091400000, 0x0000000091500000|
| 193|0x0000000091500000, 0x0000000091600000, 0x0000000091600000|100%| O|  |TS  2|AC  0|TAMS 0x0000000091500000, 0x00000000915d3400|
| 194|0x0000000091600000, 0x0000000091700000, 0x0000000091700000|100%|HS|  |TS  0|AC  0|TAMS 0x0000000091600000, 0x0000000091600000|
| 195|0x0000000091700000, 0x0000000091800000, 0x0000000091800000|100%|HC|  |TS  0|AC  0|TAMS 0x0000000091700000, 0x0000000091700000|
| 196|0x0000000091800000, 0x0000000091900000, 0x0000000091900000|100%|HC|  |TS  0|AC  0|TAMS 0x0000000091800000, 0x0000000091800000|
| 197|0x0000000091900000, 0x0000000091a00000, 0x0000000091a00000|100%|HC|  |TS  0|AC  0|TAMS 0x0000000091900000, 0x0000000091900000|
| 198|0x0000000091a00000, 0x0000000091b00000, 0x0000000091b00000|100%|HC|  |TS  0|AC  0|TAMS 0x0000000091a00000, 0x0000000091a00000|
| 199|0x0000000091b00000, 0x0000000091c00000, 0x0000000091c00000|100%|HC|  |TS  0|AC  0|TAMS 0x0000000091b00000, 0x0000000091b00000|
| 200|0x0000000091c00000, 0x0000000091d00000, 0x0000000091d00000|100%|HC|  |TS  0|AC  0|TAMS 0x0000000091c00000, 0x0000000091c00000|
| 201|0x0000000091d00000, 0x0000000091e00000, 0x0000000091e00000|100%|HC|  |TS  0|AC  0|TAMS 0x0000000091d00000, 0x0000000091d00000|
| 202|0x0000000091e00000, 0x0000000091f00000, 0x0000000091f00000|100%|HC|  |TS  0|AC  0|TAMS 0x0000000091e00000, 0x0000000091e00000|
| 203|0x0000000091f00000, 0x0000000092000000, 0x0000000092000000|100%|HC|  |TS  0|AC  0|TAMS 0x0000000091f00000, 0x0000000091f00000|
| 204|0x0000000092000000, 0x0000000092100000, 0x0000000092100000|100%|HC|  |TS  0|AC  0|TAMS 0x0000000092000000, 0x0000000092000000|
| 205|0x0000000092100000, 0x0000000092200000, 0x0000000092200000|100%|HS|  |TS  0|AC  0|TAMS 0x0000000092100000, 0x0000000092100000|
| 206|0x0000000092200000, 0x0000000092300000, 0x0000000092300000|100%|HC|  |TS  0|AC  0|TAMS 0x0000000092200000, 0x0000000092200000|
| 207|0x0000000092300000, 0x0000000092400000, 0x0000000092400000|100%|HC|  |TS  0|AC  0|TAMS 0x0000000092300000, 0x0000000092300000|
| 208|0x0000000092400000, 0x0000000092500000, 0x0000000092500000|100%|HC|  |TS  0|AC  0|TAMS 0x0000000092400000, 0x0000000092400000|
| 209|0x0000000092500000, 0x0000000092600000, 0x0000000092600000|100%|HC|  |TS  0|AC  0|TAMS 0x0000000092500000, 0x0000000092500000|
| 210|0x0000000092600000, 0x0000000092700000, 0x0000000092700000|100%|HC|  |TS  0|AC  0|TAMS 0x0000000092600000, 0x0000000092600000|
| 211|0x0000000092700000, 0x0000000092800000, 0x0000000092800000|100%|HC|  |TS  0|AC  0|TAMS 0x0000000092700000, 0x0000000092700000|
| 212|0x0000000092800000, 0x0000000092900000, 0x0000000092900000|100%|HC|  |TS  0|AC  0|TAMS 0x0000000092800000, 0x0000000092800000|
| 213|0x0000000092900000, 0x0000000092a00000, 0x0000000092a00000|100%|HC|  |TS  0|AC  0|TAMS 0x0000000092900000, 0x0000000092900000|
| 214|0x0000000092a00000, 0x0000000092b00000, 0x0000000092b00000|100%|HC|  |TS  0|AC  0|TAMS 0x0000000092a00000, 0x0000000092a00000|
| 215|0x0000000092b00000, 0x0000000092c00000, 0x0000000092c00000|100%|HC|  |TS  0|AC  0|TAMS 0x0000000092b00000, 0x0000000092b00000|
| 216|0x0000000092c00000, 0x0000000092d00000, 0x0000000092d00000|100%|HC|  |TS  0|AC  0|TAMS 0x0000000092c00000, 0x0000000092c00000|
| 217|0x0000000092d00000, 0x0000000092e00000, 0x0000000092e00000|100%|HC|  |TS  0|AC  0|TAMS 0x0000000092d00000, 0x0000000092d00000|
| 218|0x0000000092e00000, 0x0000000092f00000, 0x0000000092f00000|100%|HC|  |TS  0|AC  0|TAMS 0x0000000092e00000, 0x0000000092e00000|
| 219|0x0000000092f00000, 0x0000000093000000, 0x0000000093000000|100%|HC|  |TS  0|AC  0|TAMS 0x0000000092f00000, 0x0000000092f00000|
| 220|0x0000000093000000, 0x0000000093100000, 0x0000000093100000|100%|HC|  |TS  0|AC  0|TAMS 0x0000000093000000, 0x0000000093000000|
| 221|0x0000000093100000, 0x0000000093200000, 0x0000000093200000|100%| O|  |TS  2|AC  0|TAMS 0x0000000093100000, 0x0000000093100000|
| 222|0x0000000093200000, 0x0000000093300000, 0x0000000093300000|100%| O|  |TS  2|AC  0|TAMS 0x0000000093200000, 0x0000000093200000|
| 223|0x0000000093300000, 0x0000000093400000, 0x0000000093400000|100%| O|  |TS  2|AC  0|TAMS 0x0000000093300000, 0x0000000093300000|
| 224|0x0000000093400000, 0x0000000093500000, 0x0000000093500000|100%| O|  |TS  2|AC  0|TAMS 0x0000000093400000, 0x0000000093400000|
| 225|0x0000000093500000, 0x0000000093600000, 0x0000000093600000|100%| O|  |TS  2|AC  0|TAMS 0x0000000093500000, 0x0000000093500000|
| 226|0x0000000093600000, 0x0000000093700000, 0x0000000093700000|100%| O|  |TS  2|AC  0|TAMS 0x0000000093600000, 0x0000000093600000|
| 227|0x0000000093700000, 0x0000000093800000, 0x0000000093800000|100%| O|  |TS  2|AC  0|TAMS 0x0000000093700000, 0x0000000093700000|
| 228|0x0000000093800000, 0x0000000093900000, 0x0000000093900000|100%| O|  |TS  2|AC  0|TAMS 0x0000000093800000, 0x0000000093800000|
| 229|0x0000000093900000, 0x0000000093a00000, 0x0000000093a00000|100%| O|  |TS  2|AC  0|TAMS 0x0000000093900000, 0x0000000093900000|
| 230|0x0000000093a00000, 0x0000000093b00000, 0x0000000093b00000|100%| O|  |TS  2|AC  0|TAMS 0x0000000093a00000, 0x0000000093a00000|
| 231|0x0000000093b00000, 0x0000000093c00000, 0x0000000093c00000|100%| O|  |TS  2|AC  0|TAMS 0x0000000093b00000, 0x0000000093b00000|
| 232|0x0000000093c00000, 0x0000000093d00000, 0x0000000093d00000|100%| O|  |TS  2|AC  0|TAMS 0x0000000093c00000, 0x0000000093c00000|
| 233|0x0000000093d00000, 0x0000000093e00000, 0x0000000093e00000|100%| O|  |TS  2|AC  0|TAMS 0x0000000093d00000, 0x0000000093d00000|
| 234|0x0000000093e00000, 0x0000000093f00000, 0x0000000093f00000|100%| O|  |TS  2|AC  0|TAMS 0x0000000093e00000, 0x0000000093e00000|
| 235|0x0000000093f00000, 0x0000000094000000, 0x0000000094000000|100%| O|  |TS  2|AC  0|TAMS 0x0000000093f00000, 0x0000000093f00000|
| 236|0x0000000094000000, 0x0000000094100000, 0x0000000094100000|100%| O|  |TS  2|AC  0|TAMS 0x0000000094000000, 0x0000000094000000|
| 237|0x0000000094100000, 0x0000000094200000, 0x0000000094200000|100%| O|  |TS  2|AC  0|TAMS 0x0000000094100000, 0x0000000094100000|
| 238|0x0000000094200000, 0x0000000094300000, 0x0000000094300000|100%| O|  |TS  2|AC  0|TAMS 0x0000000094200000, 0x0000000094200000|
| 239|0x0000000094300000, 0x0000000094400000, 0x0000000094400000|100%| O|  |TS  2|AC  0|TAMS 0x0000000094300000, 0x0000000094300000|
| 240|0x0000000094400000, 0x0000000094500000, 0x0000000094500000|100%| O|  |TS  2|AC  0|TAMS 0x0000000094400000, 0x0000000094400000|
| 241|0x0000000094500000, 0x0000000094600000, 0x0000000094600000|100%| O|  |TS  2|AC  0|TAMS 0x0000000094500000, 0x0000000094500000|
| 242|0x0000000094600000, 0x0000000094700000, 0x0000000094700000|100%| O|  |TS  2|AC  0|TAMS 0x0000000094600000, 0x0000000094600000|
| 243|0x0000000094700000, 0x0000000094800000, 0x0000000094800000|100%| O|  |TS  2|AC  0|TAMS 0x0000000094700000, 0x0000000094700000|
| 244|0x0000000094800000, 0x0000000094900000, 0x0000000094900000|100%| O|  |TS  2|AC  0|TAMS 0x0000000094800000, 0x0000000094800000|
| 245|0x0000000094900000, 0x0000000094a00000, 0x0000000094a00000|100%| O|  |TS  2|AC  0|TAMS 0x0000000094900000, 0x0000000094900000|
| 246|0x0000000094a00000, 0x0000000094b00000, 0x0000000094b00000|100%| O|  |TS  2|AC  0|TAMS 0x0000000094a00000, 0x0000000094a00000|
| 247|0x0000000094b00000, 0x0000000094c00000, 0x0000000094c00000|100%| O|  |TS  2|AC  0|TAMS 0x0000000094b00000, 0x0000000094b00000|
| 248|0x0000000094c00000, 0x0000000094d00000, 0x0000000094d00000|100%| O|  |TS  2|AC  0|TAMS 0x0000000094c00000, 0x0000000094c00000|
| 249|0x0000000094d00000, 0x0000000094e00000, 0x0000000094e00000|100%| O|  |TS  2|AC  0|TAMS 0x0000000094d00000, 0x0000000094d00000|
| 250|0x0000000094e00000, 0x0000000094f00000, 0x0000000094f00000|100%| O|  |TS  2|AC  0|TAMS 0x0000000094e00000, 0x0000000094e00000|
| 251|0x0000000094f00000, 0x0000000095000000, 0x0000000095000000|100%| O|  |TS  2|AC  0|TAMS 0x0000000094f00000, 0x0000000094f00000|
| 252|0x0000000095000000, 0x0000000095100000, 0x0000000095100000|100%| O|  |TS  2|AC  0|TAMS 0x0000000095000000, 0x0000000095000000|
| 253|0x0000000095100000, 0x0000000095200000, 0x0000000095200000|100%| O|  |TS  2|AC  0|TAMS 0x0000000095100000, 0x0000000095100000|
| 254|0x0000000095200000, 0x0000000095300000, 0x0000000095300000|100%| O|  |TS  2|AC  0|TAMS 0x0000000095200000, 0x0000000095200000|
| 255|0x0000000095300000, 0x0000000095400000, 0x0000000095400000|100%| O|  |TS  2|AC  0|TAMS 0x0000000095300000, 0x0000000095300000|
| 256|0x0000000095400000, 0x0000000095500000, 0x0000000095500000|100%| O|  |TS  2|AC  0|TAMS 0x0000000095400000, 0x0000000095400000|
| 257|0x0000000095500000, 0x0000000095600000, 0x0000000095600000|100%| O|  |TS  2|AC  0|TAMS 0x0000000095500000, 0x0000000095500000|
| 258|0x0000000095600000, 0x0000000095700000, 0x0000000095700000|100%| O|  |TS  2|AC  0|TAMS 0x0000000095600000, 0x0000000095600000|
| 259|0x0000000095700000, 0x0000000095800000, 0x0000000095800000|100%| O|  |TS  2|AC  0|TAMS 0x0000000095700000, 0x0000000095700000|
| 260|0x0000000095800000, 0x0000000095900000, 0x0000000095900000|100%| O|  |TS  2|AC  0|TAMS 0x0000000095800000, 0x0000000095800000|
| 261|0x0000000095900000, 0x0000000095a00000, 0x0000000095a00000|100%| O|  |TS  2|AC  0|TAMS 0x0000000095900000, 0x0000000095900000|
| 262|0x0000000095a00000, 0x0000000095b00000, 0x0000000095b00000|100%| O|  |TS  2|AC  0|TAMS 0x0000000095a00000, 0x0000000095a00000|
| 263|0x0000000095b00000, 0x0000000095c00000, 0x0000000095c00000|100%| O|  |TS  2|AC  0|TAMS 0x0000000095b00000, 0x0000000095b00000|
| 264|0x0000000095c00000, 0x0000000095d00000, 0x0000000095d00000|100%| O|  |TS  3|AC  0|TAMS 0x0000000095c00000, 0x0000000095c00000|
| 265|0x0000000095d00000, 0x0000000095e00000, 0x0000000095e00000|100%| O|  |TS  3|AC  0|TAMS 0x0000000095d00000, 0x0000000095d00000|
| 266|0x0000000095e00000, 0x0000000095f00000, 0x0000000095f00000|100%| O|  |TS  3|AC  0|TAMS 0x0000000095e00000, 0x0000000095e00000|
| 267|0x0000000095f00000, 0x0000000096000000, 0x0000000096000000|100%| O|  |TS  3|AC  0|TAMS 0x0000000095f00000, 0x0000000095f00000|
| 268|0x0000000096000000, 0x0000000096100000, 0x0000000096100000|100%| O|  |TS  3|AC  0|TAMS 0x0000000096000000, 0x0000000096000000|
| 269|0x0000000096100000, 0x0000000096200000, 0x0000000096200000|100%| O|  |TS  3|AC  0|TAMS 0x0000000096100000, 0x0000000096100000|
| 270|0x0000000096200000, 0x0000000096300000, 0x0000000096300000|100%| O|  |TS  3|AC  0|TAMS 0x0000000096200000, 0x0000000096200000|
| 271|0x0000000096300000, 0x0000000096400000, 0x0000000096400000|100%| O|  |TS  3|AC  0|TAMS 0x0000000096300000, 0x0000000096300000|
| 272|0x0000000096400000, 0x0000000096500000, 0x0000000096500000|100%| O|  |TS  3|AC  0|TAMS 0x0000000096400000, 0x0000000096400000|
| 273|0x0000000096500000, 0x0000000096600000, 0x0000000096600000|100%| O|  |TS  3|AC  0|TAMS 0x0000000096500000, 0x0000000096500000|
| 274|0x0000000096600000, 0x0000000096700000, 0x0000000096700000|100%| O|  |TS  3|AC  0|TAMS 0x0000000096600000, 0x0000000096600000|
| 275|0x0000000096700000, 0x0000000096800000, 0x0000000096800000|100%| O|  |TS  3|AC  0|TAMS 0x0000000096700000, 0x0000000096700000|
| 276|0x0000000096800000, 0x0000000096900000, 0x0000000096900000|100%| O|  |TS  3|AC  0|TAMS 0x0000000096800000, 0x0000000096800000|
| 277|0x0000000096900000, 0x0000000096a00000, 0x0000000096a00000|100%| O|  |TS  3|AC  0|TAMS 0x0000000096900000, 0x0000000096900000|
| 278|0x0000000096a00000, 0x0000000096b00000, 0x0000000096b00000|100%| O|  |TS  3|AC  0|TAMS 0x0000000096a00000, 0x0000000096a00000|
| 279|0x0000000096b00000, 0x0000000096c00000, 0x0000000096c00000|100%| O|  |TS  3|AC  0|TAMS 0x0000000096b00000, 0x0000000096b00000|
| 280|0x0000000096c00000, 0x0000000096d00000, 0x0000000096d00000|100%| O|  |TS  3|AC  0|TAMS 0x0000000096c00000, 0x0000000096c00000|
| 281|0x0000000096d00000, 0x0000000096e00000, 0x0000000096e00000|100%| O|  |TS  3|AC  0|TAMS 0x0000000096d00000, 0x0000000096d00000|
| 282|0x0000000096e00000, 0x0000000096f00000, 0x0000000096f00000|100%| O|  |TS  3|AC  0|TAMS 0x0000000096e00000, 0x0000000096e00000|
| 283|0x0000000096f00000, 0x0000000097000000, 0x0000000097000000|100%| O|  |TS  3|AC  0|TAMS 0x0000000096f00000, 0x0000000096f00000|
| 284|0x0000000097000000, 0x0000000097100000, 0x0000000097100000|100%| O|  |TS  3|AC  0|TAMS 0x0000000097000000, 0x0000000097000000|
| 285|0x0000000097100000, 0x0000000097200000, 0x0000000097200000|100%| O|  |TS  3|AC  0|TAMS 0x0000000097100000, 0x0000000097100000|
| 286|0x0000000097200000, 0x0000000097300000, 0x0000000097300000|100%| O|  |TS  3|AC  0|TAMS 0x0000000097200000, 0x0000000097200000|
| 287|0x0000000097300000, 0x0000000097400000, 0x0000000097400000|100%| O|  |TS  3|AC  0|TAMS 0x0000000097300000, 0x0000000097300000|
| 288|0x0000000097400000, 0x0000000097500000, 0x0000000097500000|100%| O|  |TS  4|AC  0|TAMS 0x0000000097400000, 0x0000000097400000|
| 289|0x0000000097500000, 0x0000000097600000, 0x0000000097600000|100%| O|  |TS  4|AC  0|TAMS 0x0000000097500000, 0x0000000097500000|
| 290|0x0000000097600000, 0x0000000097700000, 0x0000000097700000|100%| O|  |TS  4|AC  0|TAMS 0x0000000097600000, 0x0000000097600000|
| 291|0x0000000097700000, 0x0000000097800000, 0x0000000097800000|100%| O|  |TS  4|AC  0|TAMS 0x0000000097700000, 0x0000000097700000|
| 292|0x0000000097800000, 0x0000000097900000, 0x0000000097900000|100%| O|  |TS  4|AC  0|TAMS 0x0000000097800000, 0x0000000097800000|
| 293|0x0000000097900000, 0x0000000097a00000, 0x0000000097a00000|100%| O|  |TS  4|AC  0|TAMS 0x0000000097900000, 0x0000000097900000|
| 294|0x0000000097a00000, 0x0000000097b00000, 0x0000000097b00000|100%| O|  |TS  4|AC  0|TAMS 0x0000000097a00000, 0x0000000097a00000|
| 295|0x0000000097b00000, 0x0000000097c00000, 0x0000000097c00000|100%| O|  |TS  4|AC  0|TAMS 0x0000000097b00000, 0x0000000097b00000|
| 296|0x0000000097c00000, 0x0000000097d00000, 0x0000000097d00000|100%| O|  |TS  4|AC  0|TAMS 0x0000000097c00000, 0x0000000097c00000|
| 297|0x0000000097d00000, 0x0000000097e00000, 0x0000000097e00000|100%| O|  |TS  4|AC  0|TAMS 0x0000000097d00000, 0x0000000097d00000|
| 298|0x0000000097e00000, 0x0000000097f00000, 0x0000000097f00000|100%| O|  |TS  4|AC  0|TAMS 0x0000000097e00000, 0x0000000097e00000|
| 299|0x0000000097f00000, 0x0000000098000000, 0x0000000098000000|100%| O|  |TS  4|AC  0|TAMS 0x0000000097f00000, 0x0000000097f00000|
| 300|0x0000000098000000, 0x0000000098100000, 0x0000000098100000|100%| O|  |TS  4|AC  0|TAMS 0x0000000098000000, 0x0000000098000000|
| 301|0x0000000098100000, 0x0000000098200000, 0x0000000098200000|100%| O|  |TS  4|AC  0|TAMS 0x0000000098100000, 0x0000000098100000|
| 302|0x0000000098200000, 0x0000000098300000, 0x0000000098300000|100%| O|  |TS  4|AC  0|TAMS 0x0000000098200000, 0x0000000098200000|
| 303|0x0000000098300000, 0x0000000098400000, 0x0000000098400000|100%| O|  |TS  4|AC  0|TAMS 0x0000000098300000, 0x0000000098300000|
| 304|0x0000000098400000, 0x0000000098500000, 0x0000000098500000|100%| O|  |TS  4|AC  0|TAMS 0x0000000098400000, 0x0000000098400000|
| 305|0x0000000098500000, 0x0000000098500000, 0x0000000098600000|  0%| F|  |TS  0|AC  0|TAMS 0x0000000098500000, 0x0000000098500000|
| 306|0x0000000098600000, 0x0000000098600000, 0x0000000098700000|  0%| F|  |TS  0|AC  0|TAMS 0x0000000098600000, 0x0000000098600000|
| 307|0x0000000098700000, 0x0000000098700000, 0x0000000098800000|  0%| F|  |TS  0|AC  0|TAMS 0x0000000098700000, 0x0000000098700000|
| 308|0x0000000098800000, 0x0000000098800000, 0x0000000098900000|  0%| F|  |TS  0|AC  0|TAMS 0x0000000098800000, 0x0000000098800000|
| 309|0x0000000098900000, 0x0000000098900000, 0x0000000098a00000|  0%| F|  |TS  0|AC  0|TAMS 0x0000000098900000, 0x0000000098900000|
| 310|0x0000000098a00000, 0x0000000098a00000, 0x0000000098b00000|  0%| F|  |TS  0|AC  0|TAMS 0x0000000098a00000, 0x0000000098a00000|
| 311|0x0000000098b00000, 0x0000000098b00000, 0x0000000098c00000|  0%| F|  |TS  0|AC  0|TAMS 0x0000000098b00000, 0x0000000098b00000|
| 312|0x0000000098c00000, 0x0000000098c00000, 0x0000000098d00000|  0%| F|  |TS  0|AC  0|TAMS 0x0000000098c00000, 0x0000000098c00000|
| 313|0x0000000098d00000, 0x0000000098d00000, 0x0000000098e00000|  0%| F|  |TS  0|AC  0|TAMS 0x0000000098d00000, 0x0000000098d00000|
| 314|0x0000000098e00000, 0x0000000098e00000, 0x0000000098f00000|  0%| F|  |TS  0|AC  0|TAMS 0x0000000098e00000, 0x0000000098e00000|
| 315|0x0000000098f00000, 0x0000000098f00000, 0x0000000099000000|  0%| F|  |TS  0|AC  0|TAMS 0x0000000098f00000, 0x0000000098f00000|
| 316|0x0000000099000000, 0x0000000099000000, 0x0000000099100000|  0%| F|  |TS  0|AC  0|TAMS 0x0000000099000000, 0x0000000099000000|
| 317|0x0000000099100000, 0x0000000099100000, 0x0000000099200000|  0%| F|  |TS  0|AC  0|TAMS 0x0000000099100000, 0x0000000099100000|
| 318|0x0000000099200000, 0x0000000099200000, 0x0000000099300000|  0%| F|  |TS  0|AC  0|TAMS 0x0000000099200000, 0x0000000099200000|
| 319|0x0000000099300000, 0x0000000099300000, 0x0000000099400000|  0%| F|  |TS  0|AC  0|TAMS 0x0000000099300000, 0x0000000099300000|
| 320|0x0000000099400000, 0x0000000099400000, 0x0000000099500000|  0%| F|  |TS  3|AC  0|TAMS 0x0000000099400000, 0x0000000099400000|
| 321|0x0000000099500000, 0x0000000099500000, 0x0000000099600000|  0%| F|  |TS  3|AC  0|TAMS 0x0000000099500000, 0x0000000099500000|
| 322|0x0000000099600000, 0x0000000099600000, 0x0000000099700000|  0%| F|  |TS  3|AC  0|TAMS 0x0000000099600000, 0x0000000099600000|
| 323|0x0000000099700000, 0x0000000099700000, 0x0000000099800000|  0%| F|  |TS  3|AC  0|TAMS 0x0000000099700000, 0x0000000099700000|
| 324|0x0000000099800000, 0x0000000099800000, 0x0000000099900000|  0%| F|  |TS  3|AC  0|TAMS 0x0000000099800000, 0x0000000099800000|
| 325|0x0000000099900000, 0x0000000099900000, 0x0000000099a00000|  0%| F|  |TS  3|AC  0|TAMS 0x0000000099900000, 0x0000000099900000|
| 326|0x0000000099a00000, 0x0000000099a00000, 0x0000000099b00000|  0%| F|  |TS  3|AC  0|TAMS 0x0000000099a00000, 0x0000000099a00000|
| 327|0x0000000099b00000, 0x0000000099b00000, 0x0000000099c00000|  0%| F|  |TS  2|AC  0|TAMS 0x0000000099b00000, 0x0000000099b00000|
| 328|0x0000000099c00000, 0x0000000099c00000, 0x0000000099d00000|  0%| F|  |TS  2|AC  0|TAMS 0x0000000099c00000, 0x0000000099c00000|
| 329|0x0000000099d00000, 0x0000000099d00000, 0x0000000099e00000|  0%| F|  |TS  2|AC  0|TAMS 0x0000000099d00000, 0x0000000099d00000|
| 330|0x0000000099e00000, 0x0000000099e00000, 0x0000000099f00000|  0%| F|  |TS  2|AC  0|TAMS 0x0000000099e00000, 0x0000000099e00000|
| 331|0x0000000099f00000, 0x0000000099f00000, 0x000000009a000000|  0%| F|  |TS  2|AC  0|TAMS 0x0000000099f00000, 0x0000000099f00000|
| 332|0x000000009a000000, 0x000000009a000000, 0x000000009a100000|  0%| F|  |TS  2|AC  0|TAMS 0x000000009a000000, 0x000000009a000000|
| 333|0x000000009a100000, 0x000000009a100000, 0x000000009a200000|  0%| F|  |TS  2|AC  0|TAMS 0x000000009a100000, 0x000000009a100000|
| 334|0x000000009a200000, 0x000000009a200000, 0x000000009a300000|  0%| F|  |TS  2|AC  0|TAMS 0x000000009a200000, 0x000000009a200000|
| 335|0x000000009a300000, 0x000000009a300000, 0x000000009a400000|  0%| F|  |TS  2|AC  0|TAMS 0x000000009a300000, 0x000000009a300000|
| 336|0x000000009a400000, 0x000000009a400000, 0x000000009a500000|  0%| F|  |TS  2|AC  0|TAMS 0x000000009a400000, 0x000000009a400000|
| 337|0x000000009a500000, 0x000000009a500000, 0x000000009a600000|  0%| F|  |TS  2|AC  0|TAMS 0x000000009a500000, 0x000000009a500000|
| 338|0x000000009a600000, 0x000000009a600000, 0x000000009a700000|  0%| F|  |TS  2|AC  0|TAMS 0x000000009a600000, 0x000000009a600000|
| 339|0x000000009a700000, 0x000000009a700000, 0x000000009a800000|  0%| F|  |TS  2|AC  0|TAMS 0x000000009a700000, 0x000000009a700000|
| 340|0x000000009a800000, 0x000000009a800000, 0x000000009a900000|  0%| F|  |TS  2|AC  0|TAMS 0x000000009a800000, 0x000000009a800000|
| 341|0x000000009a900000, 0x000000009a900000, 0x000000009aa00000|  0%| F|  |TS  2|AC  0|TAMS 0x000000009a900000, 0x000000009a900000|
| 342|0x000000009aa00000, 0x000000009aa00000, 0x000000009ab00000|  0%| F|  |TS  2|AC  0|TAMS 0x000000009aa00000, 0x000000009aa00000|
| 343|0x000000009ab00000, 0x000000009ab00000, 0x000000009ac00000|  0%| F|  |TS  2|AC  0|TAMS 0x000000009ab00000, 0x000000009ab00000|
| 344|0x000000009ac00000, 0x000000009ac00000, 0x000000009ad00000|  0%| F|  |TS  2|AC  0|TAMS 0x000000009ac00000, 0x000000009ac00000|
| 345|0x000000009ad00000, 0x000000009ad00000, 0x000000009ae00000|  0%| F|  |TS  2|AC  0|TAMS 0x000000009ad00000, 0x000000009ad00000|
| 346|0x000000009ae00000, 0x000000009ae00000, 0x000000009af00000|  0%| F|  |TS  2|AC  0|TAMS 0x000000009ae00000, 0x000000009ae00000|
| 347|0x000000009af00000, 0x000000009af00000, 0x000000009b000000|  0%| F|  |TS  2|AC  0|TAMS 0x000000009af00000, 0x000000009af00000|
| 348|0x000000009b000000, 0x000000009b000000, 0x000000009b100000|  0%| F|  |TS  2|AC  0|TAMS 0x000000009b000000, 0x000000009b000000|
| 349|0x000000009b100000, 0x000000009b100000, 0x000000009b200000|  0%| F|  |TS  2|AC  0|TAMS 0x000000009b100000, 0x000000009b100000|
| 350|0x000000009b200000, 0x000000009b200000, 0x000000009b300000|  0%| F|  |TS  2|AC  0|TAMS 0x000000009b200000, 0x000000009b200000|
| 351|0x000000009b300000, 0x000000009b300000, 0x000000009b400000|  0%| F|  |TS  2|AC  0|TAMS 0x000000009b300000, 0x000000009b300000|
| 352|0x000000009b400000, 0x000000009b400000, 0x000000009b500000|  0%| F|  |TS  2|AC  0|TAMS 0x000000009b400000, 0x000000009b400000|
| 353|0x000000009b500000, 0x000000009b500000, 0x000000009b600000|  0%| F|  |TS  2|AC  0|TAMS 0x000000009b500000, 0x000000009b500000|
| 354|0x000000009b600000, 0x000000009b600000, 0x000000009b700000|  0%| F|  |TS  4|AC  0|TAMS 0x000000009b600000, 0x000000009b600000|
| 355|0x000000009b700000, 0x000000009b700000, 0x000000009b800000|  0%| F|  |TS  4|AC  0|TAMS 0x000000009b700000, 0x000000009b700000|
| 356|0x000000009b800000, 0x000000009b800000, 0x000000009b900000|  0%| F|  |TS  4|AC  0|TAMS 0x000000009b800000, 0x000000009b800000|
| 357|0x000000009b900000, 0x000000009b900000, 0x000000009ba00000|  0%| F|  |TS  4|AC  0|TAMS 0x000000009b900000, 0x000000009b900000|
| 358|0x000000009ba00000, 0x000000009ba00000, 0x000000009bb00000|  0%| F|  |TS  3|AC  0|TAMS 0x000000009ba00000, 0x000000009ba00000|
| 359|0x000000009bb00000, 0x000000009bb00000, 0x000000009bc00000|  0%| F|  |TS  3|AC  0|TAMS 0x000000009bb00000, 0x000000009bb00000|
| 360|0x000000009bc00000, 0x000000009bd00000, 0x000000009bd00000|100%| S|CS|TS  4|AC  0|TAMS 0x000000009bc00000, 0x000000009bc00000|
| 361|0x000000009bd00000, 0x000000009be00000, 0x000000009be00000|100%| S|CS|TS  4|AC  0|TAMS 0x000000009bd00000, 0x000000009bd00000|
| 362|0x000000009be00000, 0x000000009bf00000, 0x000000009bf00000|100%| S|CS|TS  4|AC  0|TAMS 0x000000009be00000, 0x000000009be00000|
| 363|0x000000009bf00000, 0x000000009bf00000, 0x000000009c000000|  0%| F|  |TS  4|AC  0|TAMS 0x000000009bf00000, 0x000000009bf00000|
| 364|0x000000009c000000, 0x000000009c000000, 0x000000009c100000|  0%| F|  |TS  4|AC  0|TAMS 0x000000009c000000, 0x000000009c000000|
| 365|0x000000009c100000, 0x000000009c100000, 0x000000009c200000|  0%| F|  |TS  4|AC  0|TAMS 0x000000009c100000, 0x000000009c100000|
| 366|0x000000009c200000, 0x000000009c200000, 0x000000009c300000|  0%| F|  |TS  4|AC  0|TAMS 0x000000009c200000, 0x000000009c200000|
| 367|0x000000009c300000, 0x000000009c300000, 0x000000009c400000|  0%| F|  |TS  4|AC  0|TAMS 0x000000009c300000, 0x000000009c300000|
| 368|0x000000009c400000, 0x000000009c400000, 0x000000009c500000|  0%| F|  |TS  4|AC  0|TAMS 0x000000009c400000, 0x000000009c400000|
| 369|0x000000009c500000, 0x000000009c500000, 0x000000009c600000|  0%| F|  |TS  4|AC  0|TAMS 0x000000009c500000, 0x000000009c500000|
| 370|0x000000009c600000, 0x000000009c600000, 0x000000009c700000|  0%| F|  |TS  4|AC  0|TAMS 0x000000009c600000, 0x000000009c600000|
| 371|0x000000009c700000, 0x000000009c700000, 0x000000009c800000|  0%| F|  |TS  4|AC  0|TAMS 0x000000009c700000, 0x000000009c700000|
| 372|0x000000009c800000, 0x000000009c800000, 0x000000009c900000|  0%| F|  |TS  4|AC  0|TAMS 0x000000009c800000, 0x000000009c800000|
| 373|0x000000009c900000, 0x000000009c900000, 0x000000009ca00000|  0%| F|  |TS  4|AC  0|TAMS 0x000000009c900000, 0x000000009c900000|
| 374|0x000000009ca00000, 0x000000009ca00000, 0x000000009cb00000|  0%| F|  |TS  4|AC  0|TAMS 0x000000009ca00000, 0x000000009ca00000|
| 375|0x000000009cb00000, 0x000000009cb00000, 0x000000009cc00000|  0%| F|  |TS  4|AC  0|TAMS 0x000000009cb00000, 0x000000009cb00000|
| 376|0x000000009cc00000, 0x000000009cc00000, 0x000000009cd00000|  0%| F|  |TS  4|AC  0|TAMS 0x000000009cc00000, 0x000000009cc00000|
| 377|0x000000009cd00000, 0x000000009cd00000, 0x000000009ce00000|  0%| F|  |TS  4|AC  0|TAMS 0x000000009cd00000, 0x000000009cd00000|

Card table byte_map: [0x00007fcda0a5f000,0x00007fcda0e35000] byte_map_base: 0x00007fcda0635000

Marking Bits (Prev, Next): (CMBitMap*) 0x00007fcd9c055080, (CMBitMap*) 0x00007fcd9c0550b8
 Prev Bits: [0x00007fcd81c76000, 0x00007fcd83b26000)
 Next Bits: [0x00007fcd72150000, 0x00007fcd74000000)

Polling page: 0x00007fcda590c000

CodeHeap 'non-profiled nmethods': size=120032Kb used=146Kb max_used=146Kb free=119885Kb
 bounds [0x00007fcd8b5ee000, 0x00007fcd8b85e000, 0x00007fcd92b26000]
CodeHeap 'profiled nmethods': size=120032Kb used=562Kb max_used=562Kb free=119469Kb
 bounds [0x00007fcd840b6000, 0x00007fcd84326000, 0x00007fcd8b5ee000]
CodeHeap 'non-nmethods': size=5696Kb used=1029Kb max_used=1063Kb free=4666Kb
 bounds [0x00007fcd83b26000, 0x00007fcd83d96000, 0x00007fcd840b6000]
 total_blobs=805 nmethods=351 adapters=237
 compilation: enabled

Compilation events (10 events):
Event: 2.091 Thread 0x00007fcd9c146800 nmethod 346 0x00007fcd8b610710 code [0x00007fcd8b6108a0, 0x00007fcd8b610938]
Event: 2.091 Thread 0x00007fcd9c146800  348       4       java.util.ArrayList::add (25 bytes)
Event: 2.093 Thread 0x00007fcd9c149000 nmethod 347 0x00007fcd8b610a10 code [0x00007fcd8b610bc0, 0x00007fcd8b611098]
Event: 2.095 Thread 0x00007fcd9c146800 nmethod 348 0x00007fcd8b611310 code [0x00007fcd8b6114c0, 0x00007fcd8b6116c8]
Event: 2.098 Thread 0x00007fcd9c14b000  350 %     3       java.lang.String::split @ 124 (324 bytes)
Event: 2.102 Thread 0x00007fcd9c14b000 nmethod 350% 0x00007fcd84137e90 code [0x00007fcd84138500, 0x00007fcd8413c098]
Event: 2.102 Thread 0x00007fcd9c14b000  351       3       java.lang.String::split (324 bytes)
Event: 2.117 Thread 0x00007fcd9c14b000 nmethod 351 0x00007fcd8413d610 code [0x00007fcd8413dc60, 0x00007fcd84141678]
Event: 2.117 Thread 0x00007fcd9c149000  352 %     4       java.lang.String::split @ 124 (324 bytes)
Event: 2.146 Thread 0x00007fcd9c149000 nmethod 352% 0x00007fcd8b611810 code [0x00007fcd8b611a00, 0x00007fcd8b6124a8]

GC Heap History (10 events):
Event: 2.291 GC heap after
{Heap after GC invocations=17 (full 0):
 garbage-first heap   total 193536K, used 157184K [0x0000000085400000, 0x0000000100000000)
  region size 1024K, 2 young (2048K), 2 survivors (2048K)
 Metaspace       used 6137K, capacity 6206K, committed 6528K, reserved 1056768K
  class space    used 496K, capacity 518K, committed 640K, reserved 1048576K
}
Event: 2.303 GC heap before
{Heap before GC invocations=17 (full 0):
 garbage-first heap   total 193536K, used 164352K [0x0000000085400000, 0x0000000100000000)
  region size 1024K, 9 young (9216K), 2 survivors (2048K)
 Metaspace       used 6137K, capacity 6206K, committed 6528K, reserved 1056768K
  class space    used 496K, capacity 518K, committed 640K, reserved 1048576K
}
Event: 2.334 GC heap after
{Heap after GC invocations=18 (full 0):
 garbage-first heap   total 387072K, used 164864K [0x0000000085400000, 0x0000000100000000)
  region size 1024K, 2 young (2048K), 2 survivors (2048K)
 Metaspace       used 6137K, capacity 6206K, committed 6528K, reserved 1056768K
  class space    used 496K, capacity 518K, committed 640K, reserved 1048576K
}
Event: 2.396 GC heap before
{Heap before GC invocations=19 (full 0):
 garbage-first heap   total 387072K, used 203776K [0x0000000085400000, 0x0000000100000000)
  region size 1024K, 36 young (36864K), 2 survivors (2048K)
 Metaspace       used 6137K, capacity 6206K, committed 6528K, reserved 1056768K
  class space    used 496K, capacity 518K, committed 640K, reserved 1048576K
}
Event: 2.477 GC heap after
{Heap after GC invocations=20 (full 0):
 garbage-first heap   total 387072K, used 204621K [0x0000000085400000, 0x0000000100000000)
  region size 1024K, 8 young (8192K), 8 survivors (8192K)
 Metaspace       used 6137K, capacity 6206K, committed 6528K, reserved 1056768K
  class space    used 496K, capacity 518K, committed 640K, reserved 1048576K
}
Event: 2.625 GC heap before
{Heap before GC invocations=20 (full 0):
 garbage-first heap   total 387072K, used 276301K [0x0000000085400000, 0x0000000100000000)
  region size 1024K, 51 young (52224K), 8 survivors (8192K)
 Metaspace       used 6137K, capacity 6206K, committed 6528K, reserved 1056768K
  class space    used 496K, capacity 518K, committed 640K, reserved 1048576K
}
Event: 3.172 GC heap after
{Heap after GC invocations=21 (full 0):
 garbage-first heap   total 387072K, used 277504K [0x0000000085400000, 0x0000000100000000)
  region size 1024K, 7 young (7168K), 7 survivors (7168K)
 Metaspace       used 6137K, capacity 6206K, committed 6528K, reserved 1056768K
  class space    used 496K, capacity 518K, committed 640K, reserved 1048576K
}
Event: 3.219 GC heap before
{Heap before GC invocations=21 (full 0):
 garbage-first heap   total 387072K, used 297984K [0x0000000085400000, 0x0000000100000000)
  region size 1024K, 27 young (27648K), 7 survivors (7168K)
 Metaspace       used 6137K, capacity 6206K, committed 6528K, reserved 1056768K
  class space    used 496K, capacity 518K, committed 640K, reserved 1048576K
}
Event: 3.258 GC heap after
{Heap after GC invocations=22 (full 0):
 garbage-first heap   total 387072K, used 299008K [0x0000000085400000, 0x0000000100000000)
  region size 1024K, 4 young (4096K), 4 survivors (4096K)
 Metaspace       used 6137K, capacity 6206K, committed 6528K, reserved 1056768K
  class space    used 496K, capacity 518K, committed 640K, reserved 1048576K
}
Event: 3.272 GC heap before
{Heap before GC invocations=22 (full 0):
 garbage-first heap   total 387072K, used 314368K [0x0000000085400000, 0x0000000100000000)
  region size 1024K, 19 young (19456K), 4 survivors (4096K)
 Metaspace       used 6137K, capacity 6206K, committed 6528K, reserved 1056768K
  class space    used 496K, capacity 518K, committed 640K, reserved 1048576K
}

Deoptimization events (5 events):
Event: 0.079 Thread 0x00007fcd9c011000 Uncommon trap: reason=unstable_if action=reinterpret pc=0x00007fcd8b5f34e8 method=java.lang.String.hashCode()I @ 14 c2
Event: 0.314 Thread 0x00007fcd9c011000 Uncommon trap: reason=unstable_if action=reinterpret pc=0x00007fcd8b5f720c method=java.lang.String.isLatin1()Z @ 10 c2
Event: 2.004 Thread 0x00007fcd9c011000 Uncommon trap: reason=unstable_if action=reinterpret pc=0x00007fcd8b608d98 method=java.util.regex.Pattern.lambda$DOT$5(I)Z @ 3 c2
Event: 2.004 Thread 0x00007fcd9c011000 Uncommon trap: reason=unstable_if action=reinterpret pc=0x00007fcd8b5fe994 method=java.util.regex.Pattern.lambda$clazz$1(Ljava/util/regex/Pattern$BitClass;I)Z @ 13 c2
Event: 2.038 Thread 0x00007fcd9c011000 Uncommon trap: reason=unstable_if action=reinterpret pc=0x00007fcd8b60e3b0 method=java.lang.StringUTF16.compress([CI[BII)I @ 7 c2

Classes redefined (0 events):
No events

Internal exceptions (3 events):
Event: 0.123 Thread 0x00007fcd9c011000 Exception <a 'java/lang/NoSuchMethodError'{0x000000008ce59438}: java.lang.Object.lambda$negate$3(I)Z> (0x000000008ce59438) thrown at [/build/openjdk-lts-xioZJb/openjdk-lts-10.0.2+13/src/hotspot/share/interpreter/linkResolver.cpp, line 741]
Event: 0.124 Thread 0x00007fcd9c011000 Exception <a 'java/lang/NoSuchMethodError'{0x000000008ce5c758}: java.lang.Object.lambda$and$0(Ljava/util/regex/Pattern$CharPredicate;I)Z> (0x000000008ce5c758) thrown at [/build/openjdk-lts-xioZJb/openjdk-lts-10.0.2+13/src/hotspot/share/interpreter/linkRes
Event: 0.327 Thread 0x00007fcd9c011000 Exception <a 'java/lang/NoSuchMethodError'{0x000000008ceab4e8}: java.lang.Object.lambda$union$2(Ljava/util/regex/Pattern$CharPredicate;I)Z> (0x000000008ceab4e8) thrown at [/build/openjdk-lts-xioZJb/openjdk-lts-10.0.2+13/src/hotspot/share/interpreter/linkR

Events (10 events):
Event: 2.334 Executing VM operation: G1IncCollectionPause done
Event: 2.336 Executing VM operation: CGC_Operation
Event: 2.337 Executing VM operation: CGC_Operation done
Event: 2.396 Executing VM operation: G1IncCollectionPause
Event: 2.477 Executing VM operation: G1IncCollectionPause done
Event: 2.625 Executing VM operation: G1IncCollectionPause
Event: 3.172 Executing VM operation: G1IncCollectionPause done
Event: 3.219 Executing VM operation: G1IncCollectionPause
Event: 3.258 Executing VM operation: G1IncCollectionPause done
Event: 3.272 Executing VM operation: G1IncCollectionPause


Dynamic libraries:
85400000-9ce00000 rw-p 00000000 00:00 0 
c4900000-100000000 ---p 00000000 00:00 0 
100000000-1000a0000 rw-p 00000000 00:00 0 
1000a0000-140000000 ---p 00000000 00:00 0 
56324f46c000-56324f46d000 r-xp 00000000 08:06 1708687                    /usr/lib/jvm/java-11-openjdk-amd64/bin/java
56324f66d000-56324f66e000 r--p 00001000 08:06 1708687                    /usr/lib/jvm/java-11-openjdk-amd64/bin/java
56324f66e000-56324f66f000 rw-p 00002000 08:06 1708687                    /usr/lib/jvm/java-11-openjdk-amd64/bin/java
5632501fc000-56325021d000 rw-p 00000000 00:00 0                          [heap]
7fcd20000000-7fcd20021000 rw-p 00000000 00:00 0 
7fcd20021000-7fcd24000000 ---p 00000000 00:00 0 
7fcd27bd6000-7fcd27bed000 r-xp 00000000 08:06 1838854                    /usr/lib/jvm/java-11-openjdk-amd64/lib/libnet.so
7fcd27bed000-7fcd27dec000 ---p 00017000 08:06 1838854                    /usr/lib/jvm/java-11-openjdk-amd64/lib/libnet.so
7fcd27dec000-7fcd27ded000 r--p 00016000 08:06 1838854                    /usr/lib/jvm/java-11-openjdk-amd64/lib/libnet.so
7fcd27ded000-7fcd27dee000 rw-p 00017000 08:06 1838854                    /usr/lib/jvm/java-11-openjdk-amd64/lib/libnet.so
7fcd27dee000-7fcd27dff000 r-xp 00000000 08:06 1838856                    /usr/lib/jvm/java-11-openjdk-amd64/lib/libnio.so
7fcd27dff000-7fcd27ffe000 ---p 00011000 08:06 1838856                    /usr/lib/jvm/java-11-openjdk-amd64/lib/libnio.so
7fcd27ffe000-7fcd27fff000 r--p 00010000 08:06 1838856                    /usr/lib/jvm/java-11-openjdk-amd64/lib/libnio.so
7fcd27fff000-7fcd28000000 rw-p 00011000 08:06 1838856                    /usr/lib/jvm/java-11-openjdk-amd64/lib/libnio.so
7fcd28000000-7fcd28021000 rw-p 00000000 00:00 0 
7fcd28021000-7fcd2c000000 ---p 00000000 00:00 0 
7fcd2c000000-7fcd2c021000 rw-p 00000000 00:00 0 
7fcd2c021000-7fcd30000000 ---p 00000000 00:00 0 
7fcd30000000-7fcd3025f000 rw-p 00000000 00:00 0 
7fcd3025f000-7fcd34000000 ---p 00000000 00:00 0 
7fcd34000000-7fcd34021000 rw-p 00000000 00:00 0 
7fcd34021000-7fcd38000000 ---p 00000000 00:00 0 
7fcd38000000-7fcd383ad000 rw-p 00000000 00:00 0 
7fcd383ad000-7fcd3c000000 ---p 00000000 00:00 0 
7fcd3c000000-7fcd3c371000 rw-p 00000000 00:00 0 
7fcd3c371000-7fcd40000000 ---p 00000000 00:00 0 
7fcd40000000-7fcd40021000 rw-p 00000000 00:00 0 
7fcd40021000-7fcd44000000 ---p 00000000 00:00 0 
7fcd44000000-7fcd44021000 rw-p 00000000 00:00 0 
7fcd44021000-7fcd48000000 ---p 00000000 00:00 0 
7fcd48000000-7fcd480a9000 rw-p 00000000 00:00 0 
7fcd480a9000-7fcd4c000000 ---p 00000000 00:00 0 
7fcd4c000000-7fcd4c021000 rw-p 00000000 00:00 0 
7fcd4c021000-7fcd50000000 ---p 00000000 00:00 0 
7fcd50000000-7fcd50021000 rw-p 00000000 00:00 0 
7fcd50021000-7fcd54000000 ---p 00000000 00:00 0 
7fcd54000000-7fcd54021000 rw-p 00000000 00:00 0 
7fcd54021000-7fcd58000000 ---p 00000000 00:00 0 
7fcd58000000-7fcd58021000 rw-p 00000000 00:00 0 
7fcd58021000-7fcd5c000000 ---p 00000000 00:00 0 
7fcd5c000000-7fcd5c021000 rw-p 00000000 00:00 0 
7fcd5c021000-7fcd60000000 ---p 00000000 00:00 0 
7fcd60000000-7fcd60021000 rw-p 00000000 00:00 0 
7fcd60021000-7fcd64000000 ---p 00000000 00:00 0 
7fcd64000000-7fcd64021000 rw-p 00000000 00:00 0 
7fcd64021000-7fcd68000000 ---p 00000000 00:00 0 
7fcd68000000-7fcd68021000 rw-p 00000000 00:00 0 
7fcd68021000-7fcd6c000000 ---p 00000000 00:00 0 
7fcd6c000000-7fcd6c443000 rw-p 00000000 00:00 0 
7fcd6c443000-7fcd70000000 ---p 00000000 00:00 0 
7fcd70150000-7fcd72738000 rw-p 00000000 00:00 0 
7fcd72738000-7fcd74000000 ---p 00000000 00:00 0 
7fcd74000000-7fcd744a3000 rw-p 00000000 00:00 0 
7fcd744a3000-7fcd78000000 ---p 00000000 00:00 0 
7fcd78000000-7fcd78488000 rw-p 00000000 00:00 0 
7fcd78488000-7fcd7c000000 ---p 00000000 00:00 0 
7fcd7c000000-7fcd7c1ac000 rw-p 00000000 00:00 0 
7fcd7c1ac000-7fcd80000000 ---p 00000000 00:00 0 
7fcd800b0000-7fcd800b4000 ---p 00000000 00:00 0 
7fcd800b4000-7fcd801b1000 rw-p 00000000 00:00 0 
7fcd801b1000-7fcd801b2000 ---p 00000000 00:00 0 
7fcd801b2000-7fcd802b3000 rw-p 00000000 00:00 0 
7fcd802b3000-7fcd802b7000 ---p 00000000 00:00 0 
7fcd802b7000-7fcd803b4000 rw-p 00000000 00:00 0 
7fcd803b4000-7fcd803b8000 ---p 00000000 00:00 0 
7fcd803b8000-7fcd804b5000 rw-p 00000000 00:00 0 
7fcd804b5000-7fcd804b9000 ---p 00000000 00:00 0 
7fcd804b9000-7fcd805b6000 rw-p 00000000 00:00 0 
7fcd805b6000-7fcd805ba000 ---p 00000000 00:00 0 
7fcd805ba000-7fcd806b7000 rw-p 00000000 00:00 0 
7fcd806b7000-7fcd806bb000 ---p 00000000 00:00 0 
7fcd806bb000-7fcd807b8000 rw-p 00000000 00:00 0 
7fcd807b8000-7fcd807bc000 ---p 00000000 00:00 0 
7fcd807bc000-7fcd808b9000 rw-p 00000000 00:00 0 
7fcd808b9000-7fcd80b97000 r--p 00000000 08:06 1181897                    /usr/lib/locale/locale-archive
7fcd80b97000-7fcd80b9b000 ---p 00000000 00:00 0 
7fcd80b9b000-7fcd80c98000 rw-p 00000000 00:00 0 
7fcd80c98000-7fcd80c9c000 ---p 00000000 00:00 0 
7fcd80c9c000-7fcd80d99000 rw-p 00000000 00:00 0 
7fcd80d99000-7fcd80d9a000 ---p 00000000 00:00 0 
7fcd80d9a000-7fcd8152c000 rw-p 00000000 00:00 0 
7fcd8152c000-7fcd8176c000 ---p 00000000 00:00 0 
7fcd8176c000-7fcd8176d000 ---p 00000000 00:00 0 
7fcd8176d000-7fcd8186e000 rw-p 00000000 00:00 0 
7fcd8186e000-7fcd8186f000 ---p 00000000 00:00 0 
7fcd8186f000-7fcd81970000 rw-p 00000000 00:00 0 
7fcd81970000-7fcd81971000 ---p 00000000 00:00 0 
7fcd81971000-7fcd81a72000 rw-p 00000000 00:00 0 
7fcd81a72000-7fcd81a73000 ---p 00000000 00:00 0 
7fcd81a73000-7fcd81b74000 rw-p 00000000 00:00 0 
7fcd81b74000-7fcd81b75000 ---p 00000000 00:00 0 
7fcd81b75000-7fcd8225e000 rw-p 00000000 00:00 0 
7fcd8225e000-7fcd83b26000 ---p 00000000 00:00 0 
7fcd83b26000-7fcd83d96000 rwxp 00000000 00:00 0 
7fcd83d96000-7fcd840b6000 ---p 00000000 00:00 0 
7fcd840b6000-7fcd84326000 rwxp 00000000 00:00 0 
7fcd84326000-7fcd8b5ee000 ---p 00000000 00:00 0 
7fcd8b5ee000-7fcd8b85e000 rwxp 00000000 00:00 0 
7fcd8b85e000-7fcd92b26000 ---p 00000000 00:00 0 
7fcd92b26000-7fcd9c000000 r--s 00000000 08:06 1838876                    /usr/lib/jvm/java-11-openjdk-amd64/lib/modules
7fcd9c000000-7fcd9c2b4000 rw-p 00000000 00:00 0 
7fcd9c2b4000-7fcda0000000 ---p 00000000 00:00 0 
7fcda0028000-7fcda0485000 rw-p 00000000 00:00 0 
7fcda0485000-7fcda0486000 ---p 00000000 00:00 0 
7fcda0486000-7fcda0587000 rw-p 00000000 00:00 0 
7fcda0587000-7fcda0588000 ---p 00000000 00:00 0 
7fcda0588000-7fcda0746000 rw-p 00000000 00:00 0 
7fcda0746000-7fcda0a5f000 ---p 00000000 00:00 0 
7fcda0a5f000-7fcda0b1c000 rw-p 00000000 00:00 0 
7fcda0b1c000-7fcda0e35000 ---p 00000000 00:00 0 
7fcda0e35000-7fcda0ef2000 rw-p 00000000 00:00 0 
7fcda0ef2000-7fcda120b000 ---p 00000000 00:00 0 
7fcda120b000-7fcda160f000 rw-p 00000000 00:00 0 
7fcda160f000-7fcda1610000 ---p 00000000 00:00 0 
7fcda1610000-7fcda1711000 rw-p 00000000 00:00 0 
7fcda1711000-7fcda1712000 ---p 00000000 00:00 0 
7fcda1712000-7fcda1813000 rw-p 00000000 00:00 0 
7fcda1813000-7fcda1814000 ---p 00000000 00:00 0 
7fcda1814000-7fcda1915000 rw-p 00000000 00:00 0 
7fcda1915000-7fcda1916000 ---p 00000000 00:00 0 
7fcda1916000-7fcda1a1c000 rw-p 00000000 00:00 0 
7fcda1a1c000-7fcda1b02000 ---p 00000000 00:00 0 
7fcda1b02000-7fcda1b07000 rw-p 00000000 00:00 0 
7fcda1b07000-7fcda1bed000 ---p 00000000 00:00 0 
7fcda1bed000-7fcda1bf2000 r-xp 00000000 08:06 1838838                    /usr/lib/jvm/java-11-openjdk-amd64/lib/libjimage.so
7fcda1bf2000-7fcda1df1000 ---p 00005000 08:06 1838838                    /usr/lib/jvm/java-11-openjdk-amd64/lib/libjimage.so
7fcda1df1000-7fcda1df2000 r--p 00004000 08:06 1838838                    /usr/lib/jvm/java-11-openjdk-amd64/lib/libjimage.so
7fcda1df2000-7fcda1df3000 rw-p 00005000 08:06 1838838                    /usr/lib/jvm/java-11-openjdk-amd64/lib/libjimage.so
7fcda1df3000-7fcda1dfa000 r-xp 00000000 08:06 1838874                    /usr/lib/jvm/java-11-openjdk-amd64/lib/libzip.so
7fcda1dfa000-7fcda1ff9000 ---p 00007000 08:06 1838874                    /usr/lib/jvm/java-11-openjdk-amd64/lib/libzip.so
7fcda1ff9000-7fcda1ffa000 r--p 00006000 08:06 1838874                    /usr/lib/jvm/java-11-openjdk-amd64/lib/libzip.so
7fcda1ffa000-7fcda1ffb000 rw-p 00007000 08:06 1838874                    /usr/lib/jvm/java-11-openjdk-amd64/lib/libzip.so
7fcda1ffb000-7fcda2006000 r-xp 00000000 08:06 5776203                    /lib/x86_64-linux-gnu/libnss_files-2.27.so
7fcda2006000-7fcda2205000 ---p 0000b000 08:06 5776203                    /lib/x86_64-linux-gnu/libnss_files-2.27.so
7fcda2205000-7fcda2206000 r--p 0000a000 08:06 5776203                    /lib/x86_64-linux-gnu/libnss_files-2.27.so
7fcda2206000-7fcda2207000 rw-p 0000b000 08:06 5776203                    /lib/x86_64-linux-gnu/libnss_files-2.27.so
7fcda2207000-7fcda220d000 rw-p 00000000 00:00 0 
7fcda220d000-7fcda2224000 r-xp 00000000 08:06 5776200                    /lib/x86_64-linux-gnu/libnsl-2.27.so
7fcda2224000-7fcda2423000 ---p 00017000 08:06 5776200                    /lib/x86_64-linux-gnu/libnsl-2.27.so
7fcda2423000-7fcda2424000 r--p 00016000 08:06 5776200                    /lib/x86_64-linux-gnu/libnsl-2.27.so
7fcda2424000-7fcda2425000 rw-p 00017000 08:06 5776200                    /lib/x86_64-linux-gnu/libnsl-2.27.so
7fcda2425000-7fcda2427000 rw-p 00000000 00:00 0 
7fcda2427000-7fcda2432000 r-xp 00000000 08:06 5776205                    /lib/x86_64-linux-gnu/libnss_nis-2.27.so
7fcda2432000-7fcda2631000 ---p 0000b000 08:06 5776205                    /lib/x86_64-linux-gnu/libnss_nis-2.27.so
7fcda2631000-7fcda2632000 r--p 0000a000 08:06 5776205                    /lib/x86_64-linux-gnu/libnss_nis-2.27.so
7fcda2632000-7fcda2633000 rw-p 0000b000 08:06 5776205                    /lib/x86_64-linux-gnu/libnss_nis-2.27.so
7fcda2633000-7fcda263b000 r-xp 00000000 08:06 5776201                    /lib/x86_64-linux-gnu/libnss_compat-2.27.so
7fcda263b000-7fcda283b000 ---p 00008000 08:06 5776201                    /lib/x86_64-linux-gnu/libnss_compat-2.27.so
7fcda283b000-7fcda283c000 r--p 00008000 08:06 5776201                    /lib/x86_64-linux-gnu/libnss_compat-2.27.so
7fcda283c000-7fcda283d000 rw-p 00009000 08:06 5776201                    /lib/x86_64-linux-gnu/libnss_compat-2.27.so
7fcda283d000-7fcda2869000 r-xp 00000000 08:06 1838830                    /usr/lib/jvm/java-11-openjdk-amd64/lib/libjava.so
7fcda2869000-7fcda2a68000 ---p 0002c000 08:06 1838830                    /usr/lib/jvm/java-11-openjdk-amd64/lib/libjava.so
7fcda2a68000-7fcda2a69000 r--p 0002b000 08:06 1838830                    /usr/lib/jvm/java-11-openjdk-amd64/lib/libjava.so
7fcda2a69000-7fcda2a6b000 rw-p 0002c000 08:06 1838830                    /usr/lib/jvm/java-11-openjdk-amd64/lib/libjava.so
7fcda2a6b000-7fcda2a78000 r-xp 00000000 08:06 1838872                    /usr/lib/jvm/java-11-openjdk-amd64/lib/libverify.so
7fcda2a78000-7fcda2c77000 ---p 0000d000 08:06 1838872                    /usr/lib/jvm/java-11-openjdk-amd64/lib/libverify.so
7fcda2c77000-7fcda2c79000 r--p 0000c000 08:06 1838872                    /usr/lib/jvm/java-11-openjdk-amd64/lib/libverify.so
7fcda2c79000-7fcda2c7a000 rw-p 0000e000 08:06 1838872                    /usr/lib/jvm/java-11-openjdk-amd64/lib/libverify.so
7fcda2c7a000-7fcda2c81000 r-xp 00000000 08:06 5776210                    /lib/x86_64-linux-gnu/librt-2.27.so
7fcda2c81000-7fcda2e80000 ---p 00007000 08:06 5776210                    /lib/x86_64-linux-gnu/librt-2.27.so
7fcda2e80000-7fcda2e81000 r--p 00006000 08:06 5776210                    /lib/x86_64-linux-gnu/librt-2.27.so
7fcda2e81000-7fcda2e82000 rw-p 00007000 08:06 5776210                    /lib/x86_64-linux-gnu/librt-2.27.so
7fcda2e82000-7fcda2e99000 r-xp 00000000 08:06 5775653                    /lib/x86_64-linux-gnu/libgcc_s.so.1
7fcda2e99000-7fcda3098000 ---p 00017000 08:06 5775653                    /lib/x86_64-linux-gnu/libgcc_s.so.1
7fcda3098000-7fcda3099000 r--p 00016000 08:06 5775653                    /lib/x86_64-linux-gnu/libgcc_s.so.1
7fcda3099000-7fcda309a000 rw-p 00017000 08:06 5775653                    /lib/x86_64-linux-gnu/libgcc_s.so.1
7fcda309a000-7fcda3237000 r-xp 00000000 08:06 5776158                    /lib/x86_64-linux-gnu/libm-2.27.so
7fcda3237000-7fcda3436000 ---p 0019d000 08:06 5776158                    /lib/x86_64-linux-gnu/libm-2.27.so
7fcda3436000-7fcda3437000 r--p 0019c000 08:06 5776158                    /lib/x86_64-linux-gnu/libm-2.27.so
7fcda3437000-7fcda3438000 rw-p 0019d000 08:06 5776158                    /lib/x86_64-linux-gnu/libm-2.27.so
7fcda3438000-7fcda35b6000 r-xp 00000000 08:06 1192275                    /usr/lib/x86_64-linux-gnu/libstdc++.so.6.0.25
7fcda35b6000-7fcda37b6000 ---p 0017e000 08:06 1192275                    /usr/lib/x86_64-linux-gnu/libstdc++.so.6.0.25
7fcda37b6000-7fcda37c0000 r--p 0017e000 08:06 1192275                    /usr/lib/x86_64-linux-gnu/libstdc++.so.6.0.25
7fcda37c0000-7fcda37c2000 rw-p 00188000 08:06 1192275                    /usr/lib/x86_64-linux-gnu/libstdc++.so.6.0.25
7fcda37c2000-7fcda37c6000 rw-p 00000000 00:00 0 
7fcda37c6000-7fcda4763000 r-xp 00000000 08:06 2230086                    /usr/lib/jvm/java-11-openjdk-amd64/lib/server/libjvm.so
7fcda4763000-7fcda4963000 ---p 00f9d000 08:06 2230086                    /usr/lib/jvm/java-11-openjdk-amd64/lib/server/libjvm.so
7fcda4963000-7fcda4a27000 r--p 00f9d000 08:06 2230086                    /usr/lib/jvm/java-11-openjdk-amd64/lib/server/libjvm.so
7fcda4a27000-7fcda4a5f000 rw-p 01061000 08:06 2230086                    /usr/lib/jvm/java-11-openjdk-amd64/lib/server/libjvm.so
7fcda4a5f000-7fcda4aa8000 rw-p 00000000 00:00 0 
7fcda4aa8000-7fcda4ac2000 r-xp 00000000 08:06 5776208                    /lib/x86_64-linux-gnu/libpthread-2.27.so
7fcda4ac2000-7fcda4cc1000 ---p 0001a000 08:06 5776208                    /lib/x86_64-linux-gnu/libpthread-2.27.so
7fcda4cc1000-7fcda4cc2000 r--p 00019000 08:06 5776208                    /lib/x86_64-linux-gnu/libpthread-2.27.so
7fcda4cc2000-7fcda4cc3000 rw-p 0001a000 08:06 5776208                    /lib/x86_64-linux-gnu/libpthread-2.27.so
7fcda4cc3000-7fcda4cc7000 rw-p 00000000 00:00 0 
7fcda4cc7000-7fcda4cca000 r-xp 00000000 08:06 5776156                    /lib/x86_64-linux-gnu/libdl-2.27.so
7fcda4cca000-7fcda4ec9000 ---p 00003000 08:06 5776156                    /lib/x86_64-linux-gnu/libdl-2.27.so
7fcda4ec9000-7fcda4eca000 r--p 00002000 08:06 5776156                    /lib/x86_64-linux-gnu/libdl-2.27.so
7fcda4eca000-7fcda4ecb000 rw-p 00003000 08:06 5776156                    /lib/x86_64-linux-gnu/libdl-2.27.so
7fcda4ecb000-7fcda4ee7000 r-xp 00000000 08:06 5776176                    /lib/x86_64-linux-gnu/libz.so.1.2.11
7fcda4ee7000-7fcda50e6000 ---p 0001c000 08:06 5776176                    /lib/x86_64-linux-gnu/libz.so.1.2.11
7fcda50e6000-7fcda50e7000 r--p 0001b000 08:06 5776176                    /lib/x86_64-linux-gnu/libz.so.1.2.11
7fcda50e7000-7fcda50e8000 rw-p 0001c000 08:06 5776176                    /lib/x86_64-linux-gnu/libz.so.1.2.11
7fcda50e8000-7fcda52cf000 r-xp 00000000 08:06 5776136                    /lib/x86_64-linux-gnu/libc-2.27.so
7fcda52cf000-7fcda54cf000 ---p 001e7000 08:06 5776136                    /lib/x86_64-linux-gnu/libc-2.27.so
7fcda54cf000-7fcda54d3000 r--p 001e7000 08:06 5776136                    /lib/x86_64-linux-gnu/libc-2.27.so
7fcda54d3000-7fcda54d5000 rw-p 001eb000 08:06 5776136                    /lib/x86_64-linux-gnu/libc-2.27.so
7fcda54d5000-7fcda54d9000 rw-p 00000000 00:00 0 
7fcda54d9000-7fcda54e8000 r-xp 00000000 08:06 1966184                    /usr/lib/jvm/java-11-openjdk-amd64/lib/jli/libjli.so
7fcda54e8000-7fcda56e7000 ---p 0000f000 08:06 1966184                    /usr/lib/jvm/java-11-openjdk-amd64/lib/jli/libjli.so
7fcda56e7000-7fcda56e8000 r--p 0000e000 08:06 1966184                    /usr/lib/jvm/java-11-openjdk-amd64/lib/jli/libjli.so
7fcda56e8000-7fcda56e9000 rw-p 0000f000 08:06 1966184                    /usr/lib/jvm/java-11-openjdk-amd64/lib/jli/libjli.so
7fcda56e9000-7fcda5710000 r-xp 00000000 08:06 5776086                    /lib/x86_64-linux-gnu/ld-2.27.so
7fcda5721000-7fcda57de000 rw-p 00000000 00:00 0 
7fcda57de000-7fcda57e2000 ---p 00000000 00:00 0 
7fcda57e2000-7fcda58e1000 rw-p 00000000 00:00 0 
7fcda58f7000-7fcda58fd000 rw-p 00000000 00:00 0 
7fcda58fd000-7fcda5904000 ---p 00000000 00:00 0 
7fcda5904000-7fcda590c000 rw-s 00000000 08:06 1068112                    /tmp/hsperfdata_laptop/13510
7fcda590c000-7fcda590d000 ---p 00000000 00:00 0 
7fcda590d000-7fcda590e000 r--p 00000000 00:00 0 
7fcda590e000-7fcda5910000 rw-p 00000000 00:00 0 
7fcda5910000-7fcda5911000 r--p 00027000 08:06 5776086                    /lib/x86_64-linux-gnu/ld-2.27.so
7fcda5911000-7fcda5912000 rw-p 00028000 08:06 5776086                    /lib/x86_64-linux-gnu/ld-2.27.so
7fcda5912000-7fcda5913000 rw-p 00000000 00:00 0 
7ffc34459000-7ffc3447a000 rw-p 00000000 00:00 0                          [stack]
7ffc345a6000-7ffc345a9000 r--p 00000000 00:00 0                          [vvar]
7ffc345a9000-7ffc345ab000 r-xp 00000000 00:00 0                          [vdso]
ffffffffff600000-ffffffffff601000 r-xp 00000000 00:00 0                  [vsyscall]


VM Arguments:
java_command: photosynthesisSequencial
java_class_path (initial): .
Launcher Type: SUN_STANDARD

Logging:
Log output configuration:
#0: stdout all=warning uptime,level,tags
#1: stderr all=off uptime,level,tags

Environment Variables:
PATH=/home/laptop/bin:/home/laptop/.local/bin:/home/laptop/.rvm/gems/ruby-2.3.7/bin:/home/laptop/.rvm/gems/ruby-2.3.7@global/bin:/home/laptop/.rvm/rubies/ruby-2.3.7/bin:/home/laptop/bin:/home/laptop/.local/bin:/usr/local/sbin:/usr/local/bin:/usr/sbin:/usr/bin:/sbin:/bin:/usr/games:/usr/local/games:/snap/bin:/home/laptop/.rvm/bin:/home/laptop/.rvm/bin:/home/laptop/.rvm/bin
USERNAME=laptop
SHELL=/bin/bash
DISPLAY=:0

Signal Handlers:
SIGSEGV: [libjvm.so+0xd28ad0], sa_mask[0]=11111111011111111101111111111110, sa_flags=SA_RESTART|SA_SIGINFO
SIGBUS: [libjvm.so+0xd28ad0], sa_mask[0]=11111111011111111101111111111110, sa_flags=SA_RESTART|SA_SIGINFO
SIGFPE: [libjvm.so+0xd28ad0], sa_mask[0]=11111111011111111101111111111110, sa_flags=SA_RESTART|SA_SIGINFO
SIGPIPE: [libjvm.so+0xb2a150], sa_mask[0]=11111111011111111101111111111110, sa_flags=SA_RESTART|SA_SIGINFO
SIGXFSZ: [libjvm.so+0xb2a150], sa_mask[0]=11111111011111111101111111111110, sa_flags=SA_RESTART|SA_SIGINFO
SIGILL: [libjvm.so+0xd28ad0], sa_mask[0]=11111111011111111101111111111110, sa_flags=SA_RESTART|SA_SIGINFO
SIGUSR2: [libjvm.so+0xb29f90], sa_mask[0]=00000000000000000000000000000000, sa_flags=SA_RESTART|SA_SIGINFO
SIGHUP: [libjvm.so+0xb2a0e0], sa_mask[0]=11111111011111111101111111111110, sa_flags=SA_RESTART|SA_SIGINFO
SIGINT: [libjvm.so+0xb2a0e0], sa_mask[0]=11111111011111111101111111111110, sa_flags=SA_RESTART|SA_SIGINFO
SIGTERM: [libjvm.so+0xb2a0e0], sa_mask[0]=11111111011111111101111111111110, sa_flags=SA_RESTART|SA_SIGINFO
SIGQUIT: [libjvm.so+0xb2a0e0], sa_mask[0]=11111111011111111101111111111110, sa_flags=SA_RESTART|SA_SIGINFO


---------------  S Y S T E M  ---------------

OS:DISTRIB_ID=Ubuntu
DISTRIB_RELEASE=18.04
DISTRIB_CODENAME=bionic
DISTRIB_DESCRIPTION="Ubuntu 18.04.1 LTS"
uname:Linux 4.15.0-34-generic #37-Ubuntu SMP Mon Aug 27 15:21:48 UTC 2018 x86_64
libc:glibc 2.27 NPTL 2.27 
rlimit: STACK 8192k, CORE 0k, NPROC 31186, NOFILE 4096, AS infinity, DATA infinity, FSIZE infinity
load average:0.54 0.42 0.98

/proc/meminfo:
MemTotal:        8044384 kB
MemFree:          129688 kB
MemAvailable:     174088 kB
Buffers:            9144 kB
Cached:           563540 kB
SwapCached:        48452 kB
Active:          6522656 kB
Inactive:        1049212 kB
Active(anon):    6398328 kB
Inactive(anon):   931384 kB
Active(file):     124328 kB
Inactive(file):   117828 kB
Unevictable:          96 kB
Mlocked:              96 kB
SwapTotal:       2097148 kB
SwapFree:         297612 kB
Dirty:               660 kB
Writeback:          5280 kB
AnonPages:       6960980 kB
Mapped:           374892 kB
Shmem:            330516 kB
Slab:             115692 kB
SReclaimable:      45912 kB
SUnreclaim:        69780 kB
KernelStack:       18208 kB
PageTables:       102972 kB
NFS_Unstable:          0 kB
Bounce:                0 kB
WritebackTmp:          0 kB
CommitLimit:     6119340 kB
Committed_AS:   19647348 kB
VmallocTotal:   34359738367 kB
VmallocUsed:           0 kB
VmallocChunk:          0 kB
HardwareCorrupted:     0 kB
AnonHugePages:         0 kB
ShmemHugePages:        0 kB
ShmemPmdMapped:        0 kB
CmaTotal:              0 kB
CmaFree:               0 kB
HugePages_Total:       0
HugePages_Free:        0
HugePages_Rsvd:        0
HugePages_Surp:        0
Hugepagesize:       2048 kB
DirectMap4k:      343504 kB
DirectMap2M:     7923712 kB

container (cgroup) information:
container_type: cgroupv1
cpu_cpuset_cpus: 0-3
cpu_memory_nodes: 0
active_processor_count: 4
cpu_quota: -1
cpu_period: 100000
cpu_shares: -1
memory_limit_in_bytes: -1
memory_and_swap_limit_in_bytes: -2
memory_soft_limit_in_bytes: -1
memory_usage_in_bytes: 7727775744
memory_max_usage_in_bytes: 0


CPU:total 4 (initial active 4) (2 cores per cpu, 2 threads per core) family 6 model 42 stepping 7, cmov, cx8, fxsr, mmx, sse, sse2, sse3, ssse3, sse4.1, sse4.2, popcnt, avx, aes, clmul, ht, tsc, tscinvbit
CPU Model and flags from /proc/cpuinfo:
model name	: Intel(R) Core(TM) i5-2520M CPU @ 2.50GHz
flags		: fpu vme de pse tsc msr pae mce cx8 apic sep mtrr pge mca cmov pat pse36 clflush dts acpi mmx fxsr sse sse2 ss ht tm pbe syscall nx rdtscp lm constant_tsc arch_perfmon pebs bts rep_good nopl xtopology nonstop_tsc cpuid aperfmperf pni pclmulqdq dtes64 monitor ds_cpl vmx smx est tm2 ssse3 cx16 xtpr pdcm pcid sse4_1 sse4_2 x2apic popcnt tsc_deadline_timer aes xsave avx lahf_lm epb pti ssbd ibrs ibpb stibp tpr_shadow vnmi flexpriority ept vpid xsaveopt dtherm ida arat pln pts flush_l1d

Memory: 4k page, physical 8044384k(129688k free), swap 2097148k(297612k free)

vm_info: OpenJDK 64-Bit Server VM (10.0.2+13-Ubuntu-1ubuntu0.18.04.2) for linux-amd64 JRE (10.0.2+13-Ubuntu-1ubuntu0.18.04.2), built on Aug 24 2018 17:36:24 by "buildd" with gcc 7.3.0

END.
